#-----------------------------------------------------------
# Vivado v2022.1 (64-bit)
# SW Build 3526262 on Mon Apr 18 15:48:16 MDT 2022
# IP Build 3524634 on Mon Apr 18 20:55:01 MDT 2022
# Start of session at: Wed Feb 15 20:51:23 2023
# Process ID: 6484
# Current directory: C:/Users/ManFr/Desktop/OneDrive - Cal Poly/Documents and Notes/Sophomore/Winter Quarter/CPE 233/Projects/Week5/mcu_computer
# Command line: vivado.exe -gui_launcher_event rodinguilauncherevent21652 C:\Users\ManFr\Desktop\OneDrive - Cal Poly\Documents and Notes\Sophomore\Winter Quarter\CPE 233\Projects\Week5\mcu_computer\mcu_computer.xpr
# Log file: C:/Users/ManFr/Desktop/OneDrive - Cal Poly/Documents and Notes/Sophomore/Winter Quarter/CPE 233/Projects/Week5/mcu_computer/vivado.log
# Journal file: C:/Users/ManFr/Desktop/OneDrive - Cal Poly/Documents and Notes/Sophomore/Winter Quarter/CPE 233/Projects/Week5/mcu_computer\vivado.jou
# Running On: JUSTIN-PC2021, OS: Windows, CPU Frequency: 3800 MHz, CPU Physical cores: 16, Host memory: 34261 MB
#-----------------------------------------------------------
start_gui
open_project {C:/Users/ManFr/Desktop/OneDrive - Cal Poly/Documents and Notes/Sophomore/Winter Quarter/CPE 233/Projects/Week5/mcu_computer/mcu_computer.xpr}
WARNING: [Board 49-26] cannot add Board Part xilinx.com:vpk120_es:part0:1.2 available at D:/Vivado/Vivado/2022.1/data/xhub/boards/XilinxBoardStore/boards/Xilinx/vpk120/es/1.2/board.xml as part xcvp1202-vsva2785-2mp-e-s-es1 specified in board_part file is either invalid or not available
WARNING: [Board 49-26] cannot add Board Part xilinx.com:vpk120_es_revb:part0:1.0 available at D:/Vivado/Vivado/2022.1/data/xhub/boards/XilinxBoardStore/boards/Xilinx/vpk120_revb/es/1.0/board.xml as part xcvp1202-vsva2785-2mp-e-s-es1 specified in board_part file is either invalid or not available
WARNING: [Board 49-26] cannot add Board Part xilinx.com:zcu208ld:part0:2.0 available at D:/Vivado/Vivado/2022.1/data/xhub/boards/XilinxBoardStore/boards/Xilinx/zcu208ld/production/2.0/board.xml as part xczu58dr-fsvg1517-2-i specified in board_part file is either invalid or not available
WARNING: [Board 49-26] cannot add Board Part xilinx.com:zcu216ld:part0:2.0 available at D:/Vivado/Vivado/2022.1/data/xhub/boards/XilinxBoardStore/boards/Xilinx/zcu216ld/production/2.0/board.xml as part xczu59dr-ffvf1760-2-i specified in board_part file is either invalid or not available
WARNING: [Board 49-26] cannot add Board Part xilinx.com:zcu670:part0:2.0 available at D:/Vivado/Vivado/2022.1/data/xhub/boards/XilinxBoardStore/boards/Xilinx/zcu670/2.0/board.xml as part xczu67dr-fsve1156-2-i specified in board_part file is either invalid or not available
WARNING: [Board 49-26] cannot add Board Part xilinx.com:zcu670ld:part0:1.0 available at D:/Vivado/Vivado/2022.1/data/xhub/boards/XilinxBoardStore/boards/Xilinx/zcu670ld/1.0/board.xml as part xczu57dr-fsve1156-2-i specified in board_part file is either invalid or not available
INFO: [filemgmt 56-3] Default IP Output Path : Could not find the directory 'C:/Users/ManFr/Desktop/OneDrive - Cal Poly/Documents and Notes/Sophomore/Winter Quarter/CPE 233/Projects/Week5/mcu_computer/mcu_computer.gen/sources_1'.
Scanning sources...
Finished scanning sources
INFO: [IP_Flow 19-234] Refreshing IP repositories
INFO: [IP_Flow 19-1704] No user IP repositories specified
INFO: [IP_Flow 19-2313] Loaded Vivado IP repository 'D:/Vivado/Vivado/2022.1/data/ip'.
open_project: Time (s): cpu = 00:00:15 ; elapsed = 00:00:06 . Memory (MB): peak = 1701.625 ; gain = 0.000
launch_simulation
Command: launch_simulation 
INFO: [Vivado 12-12493] Simulation top is 'otter_tb'
WARNING: [Vivado 12-13340] Unable to auto find GCC executables from simulator install path! (path not set)
WARNING: [Vivado 12-13277] Compiled library path does not exist: ''
INFO: [Vivado 12-5682] Launching behavioral simulation in 'C:/Users/ManFr/Desktop/OneDrive - Cal Poly/Documents and Notes/Sophomore/Winter Quarter/CPE 233/Projects/Week5/mcu_computer/mcu_computer.sim/sim_1/behav/xsim'
INFO: [SIM-utils-51] Simulation object is 'sim_1'
INFO: [SIM-utils-72] Using boost library from 'D:/Vivado/Vivado/2022.1/tps/boost_1_72_0'
INFO: [SIM-utils-54] Inspecting design source files for 'otter_tb' in fileset 'sim_1'...
INFO: [SIM-utils-43] Exported 'C:/Users/ManFr/Desktop/OneDrive - Cal Poly/Documents and Notes/Sophomore/Winter Quarter/CPE 233/Projects/Week5/mcu_computer/mcu_computer.sim/sim_1/behav/xsim/otter_memory.mem'
INFO: [USF-XSim-97] Finding global include files...
INFO: [USF-XSim-98] Fetching design files from 'sim_1'...
INFO: [USF-XSim-2] XSim::Compile design
INFO: [USF-XSim-61] Executing 'COMPILE and ANALYZE' step in 'C:/Users/ManFr/Desktop/OneDrive - Cal Poly/Documents and Notes/Sophomore/Winter Quarter/CPE 233/Projects/Week5/mcu_computer/mcu_computer.sim/sim_1/behav/xsim'
"xvlog --incr --relax -L uvm -prj otter_tb_vlog.prj"
INFO: [USF-XSim-69] 'compile' step finished in '2' seconds
INFO: [USF-XSim-3] XSim::Elaborate design
INFO: [USF-XSim-61] Executing 'ELABORATE' step in 'C:/Users/ManFr/Desktop/OneDrive - Cal Poly/Documents and Notes/Sophomore/Winter Quarter/CPE 233/Projects/Week5/mcu_computer/mcu_computer.sim/sim_1/behav/xsim'
"xelab --incr --debug typical --relax --mt 2 -L xil_defaultlib -L uvm -L unisims_ver -L unimacro_ver -L secureip --snapshot otter_tb_behav xil_defaultlib.otter_tb xil_defaultlib.glbl -log elaborate.log"
Vivado Simulator v2022.1
Copyright 1986-1999, 2001-2022 Xilinx, Inc. All Rights Reserved.
Running: D:/Vivado/Vivado/2022.1/bin/unwrapped/win64.o/xelab.exe --incr --debug typical --relax --mt 2 -L xil_defaultlib -L uvm -L unisims_ver -L unimacro_ver -L secureip --snapshot otter_tb_behav xil_defaultlib.otter_tb xil_defaultlib.glbl -log elaborate.log 
Using 2 slave threads.
Starting static elaboration
Pass Through NonSizing Optimizer
Completed static elaboration
INFO: [XSIM 43-4323] No Change in HDL. Linking previously generated obj files to create kernel
The system cannot find the path specified.
INFO: [USF-XSim-69] 'elaborate' step finished in '2' seconds
ERROR: [USF-XSim-62] 'elaborate' step failed with error(s) while executing 'C:/Users/ManFr/Desktop/OneDrive - Cal Poly/Documents and Notes/Sophomore/Winter Quarter/CPE 233/Projects/Week5/mcu_computer/mcu_computer.sim/sim_1/behav/xsim/elaborate.bat' script. Please check that the file has the correct 'read/write/execute' permissions and the Tcl console output for any other possible errors or warnings.
ERROR: [Vivado 12-4473] Detected error while running simulation. Please correct the issue and retry this operation.
ERROR: [Common 17-39] 'launch_simulation' failed due to earlier errors.
update_compile_order -fileset sources_1
exit
INFO: [Common 17-206] Exiting Vivado at Wed Feb 15 20:51:46 2023...
