#
# A fatal error has been detected by the Java Runtime Environment:
#
#  EXCEPTION_ACCESS_VIOLATION (0xc0000005) at pc=0x00007fff41044450, pid=15664, tid=18584
#
# JRE version: OpenJDK Runtime Environment 18.9 (11.0.11+9) (build 11.0.11+9)
# Java VM: OpenJDK 64-Bit Server VM 18.9 (11.0.11+9, mixed mode, tiered, compressed oops, g1 gc, windows-amd64)
# Problematic frame:
# C  0x00007fff41044450
#
# No core dump will be written. Minidumps are not enabled by default on client versions of Windows
#
# If you would like to submit a bug report, please visit:
#   https://bugreport.java.com/bugreport/crash.jsp
# The crash happened outside the Java Virtual Machine in native code.
# See problematic frame for where to report the bug.
#

---------------  S U M M A R Y ------------

Command Line: -Dsun.java2d.pmoffscreen=false -Dhttps.protocols=TLSv1,TLSv1.1,TLSv1.2 -Dsun.java2d.xrender=false -Dsun.java2d.d3d=false -Dsun.awt.nopixfmt=true -Dsun.java2d.dpiaware=true -Dsun.java2d.uiScale.enabled=false -Xverify:none -Dswing.aatext=true -XX:-UsePerfData -Djdk.map.althashing.threshold=512 -XX:StringTableSize=4072 --add-opens=java.desktop/com.sun.awt=ALL-UNNAMED --add-opens=java.desktop/javax.swing.plaf.synth=ALL-UNNAMED --add-opens=java.base/java.nio=ALL-UNNAMED --add-opens=java.desktop/sun.swing=ALL-UNNAMED --add-opens=java.desktop/javax.swing=ALL-UNNAMED --add-opens=java.desktop/javax.swing.tree=ALL-UNNAMED --add-opens=java.desktop/javax.swing.plaf.basic=ALL-UNNAMED --add-opens=java.desktop/javax.swing.plaf.synth=ALL-UNNAMED --add-opens=java.desktop/javax.swing.plaf.basic=ALL-UNNAMED --add-opens=java.desktop/javax.swing=ALL-UNNAMED --add-opens=java.desktop/javax.swing.tree=ALL-UNNAMED --add-opens=java.desktop/java.awt.event=ALL-UNNAMED --add-exports=java.desktop/javax.swing.plaf.synth=ALL-UNNAMED --add-exports=java.base/java.nio=ALL-UNNAMED --add-exports=java.desktop/sun.swing=ALL-UNNAMED --add-exports=java.desktop/javax.swing=ALL-UNNAMED --add-exports=java.desktop/javax.swing.tree=ALL-UNNAMED --add-exports=java.desktop/javax.swing.plaf.basic=ALL-UNNAMED --add-exports=java.desktop/sun.swing=ALL-UNNAMED --add-exports=java.desktop/sun.swing.table=ALL-UNNAMED --add-exports=java.desktop/sun.swing.plaf.synth=ALL-UNNAMED --add-exports=java.desktop/sun.awt.shell=ALL-UNNAMED --add-exports=java.base/sun.security.action=ALL-UNNAMED --add-exports=java.desktop/sun.font=ALL-UNNAMED -XX:NewSize=60m -XX:MaxNewSize=60m -Xms256m -Xmx3072m -Xss5m 

Host: AMD Ryzen 7 5800X 8-Core Processor             , 16 cores, 31G,  Windows 10 , 64 bit Build 19041 (10.0.19041.1889)
Time: Tue Mar 14 01:16:56 2023 Pacific Daylight Time elapsed time: 3757.464048 seconds (0d 1h 2m 37s)

---------------  T H R E A D  ---------------

Current thread (0x0000019ec888b000):  JavaThread "AWT-EventQueue-0" [_thread_in_native, id=18584, stack(0x000000318e300000,0x000000318e800000)]

Stack: [0x000000318e300000,0x000000318e800000],  sp=0x000000318e7faae8,  free space=5098k
Native frames: (J=compiled Java code, j=interpreted, Vv=VM code, C=native code)
C  0x00007fff41044450

Java frames: (J=compiled Java code, j=interpreted, Vv=VM code)
J 21667  ui.views.simulator.executive.simulationi.SimulationExecutive_getCodeTooltipValue(JLjava/lang/String;IZ)Ljava/lang/String; (0 bytes) @ 0x0000019e88e5ee2f [0x0000019e88e5edc0+0x000000000000006f]
J 23953 c2 ui.views.O.d.mouseMoved(Ljava/awt/event/MouseEvent;)V (13 bytes) @ 0x0000019e890fb380 [0x0000019e890faf80+0x0000000000000400]
J 19690 c2 java.awt.AWTEventMulticaster.mouseMoved(Ljava/awt/event/MouseEvent;)V java.desktop@11.0.11 (27 bytes) @ 0x0000019e88be1bf4 [0x0000019e88be1b40+0x00000000000000b4]
J 19690 c2 java.awt.AWTEventMulticaster.mouseMoved(Ljava/awt/event/MouseEvent;)V java.desktop@11.0.11 (27 bytes) @ 0x0000019e88be1bb4 [0x0000019e88be1b40+0x0000000000000074]
J 22675 c2 javax.swing.JComponent.processMouseMotionEvent(Ljava/awt/event/MouseEvent;)V java.desktop@11.0.11 (46 bytes) @ 0x0000019e88f48d24 [0x0000019e88f48ca0+0x0000000000000084]
J 21868 c2 java.awt.Container.processEvent(Ljava/awt/AWTEvent;)V java.desktop@11.0.11 (22 bytes) @ 0x0000019e88ea1960 [0x0000019e88ea1860+0x0000000000000100]
J 21867 c2 java.awt.Component.dispatchEventImpl(Ljava/awt/AWTEvent;)V java.desktop@11.0.11 (777 bytes) @ 0x0000019e88e9cc34 [0x0000019e88e9c3a0+0x0000000000000894]
J 24362 c2 java.awt.Container.dispatchEventImpl(Ljava/awt/AWTEvent;)V java.desktop@11.0.11 (129 bytes) @ 0x0000019e885d7a94 [0x0000019e885d7600+0x0000000000000494]
J 19606 c2 java.awt.LightweightDispatcher.retargetMouseEvent(Ljava/awt/Component;ILjava/awt/event/MouseEvent;)V java.desktop@11.0.11 (372 bytes) @ 0x0000019e88bc0690 [0x0000019e88bc0140+0x0000000000000550]
J 24362 c2 java.awt.Container.dispatchEventImpl(Ljava/awt/AWTEvent;)V java.desktop@11.0.11 (129 bytes) @ 0x0000019e885d7ee8 [0x0000019e885d7600+0x00000000000008e8]
J 19623 c2 java.awt.Window.dispatchEventImpl(Ljava/awt/AWTEvent;)V java.desktop@11.0.11 (23 bytes) @ 0x0000019e88bd020c [0x0000019e88bd01c0+0x000000000000004c]
J 16071 c2 java.awt.EventQueue$4.run()Ljava/lang/Object; java.desktop@11.0.11 (5 bytes) @ 0x0000019e87fd92a8 [0x0000019e87fd9100+0x00000000000001a8]
v  ~StubRoutines::call_stub
J 4623  java.security.AccessController.doPrivileged(Ljava/security/PrivilegedAction;Ljava/security/AccessControlContext;)Ljava/lang/Object; java.base@11.0.11 (0 bytes) @ 0x0000019e87e44a36 [0x0000019e87e449c0+0x0000000000000076]
J 17047 c2 java.awt.EventQueue$5.run()Ljava/lang/Object; java.desktop@11.0.11 (5 bytes) @ 0x0000019e889d8cbc [0x0000019e889d8a60+0x000000000000025c]
v  ~StubRoutines::call_stub
J 4623  java.security.AccessController.doPrivileged(Ljava/security/PrivilegedAction;Ljava/security/AccessControlContext;)Ljava/lang/Object; java.base@11.0.11 (0 bytes) @ 0x0000019e87e44a36 [0x0000019e87e449c0+0x0000000000000076]
J 15993 c2 java.awt.EventQueue.dispatchEvent(Ljava/awt/AWTEvent;)V java.desktop@11.0.11 (80 bytes) @ 0x0000019e87f67ce4 [0x0000019e87f67940+0x00000000000003a4]
J 17567 c2 ui.frmwork.a.d.dispatchEvent(Ljava/awt/AWTEvent;)V (42 bytes) @ 0x0000019e8821e244 [0x0000019e8821e080+0x00000000000001c4]
J 18931 c2 java.awt.EventDispatchThread.pumpOneEventForFilters(I)V java.desktop@11.0.11 (113 bytes) @ 0x0000019e88ac5e64 [0x0000019e88ac5ba0+0x00000000000002c4]
J 21510% c2 java.awt.EventDispatchThread.pumpEventsForFilter(ILjava/awt/Conditional;Ljava/awt/EventFilter;)V java.desktop@11.0.11 (47 bytes) @ 0x0000019e88e153fc [0x0000019e88e152e0+0x000000000000011c]
j  java.awt.EventDispatchThread.pumpEventsForHierarchy(ILjava/awt/Conditional;Ljava/awt/Component;)V+11 java.desktop@11.0.11
j  java.awt.EventDispatchThread.pumpEvents(ILjava/awt/Conditional;)V+4 java.desktop@11.0.11
j  java.awt.EventDispatchThread.pumpEvents(Ljava/awt/Conditional;)V+3 java.desktop@11.0.11
j  java.awt.EventDispatchThread.run()V+9 java.desktop@11.0.11
v  ~StubRoutines::call_stub

siginfo: EXCEPTION_ACCESS_VIOLATION (0xc0000005), data execution prevention violation at address 0x00007fff41044450


Register to memory mapping:

RIP=0x00007fff41044450 points into unknown readable memory: 0x0000000000000001 | 01 00 00 00 00 00 00 00
RAX=0x00007fff40fe99a8 points into unknown readable memory: 0x00007fff40c2c680 | 80 c6 c2 40 ff 7f 00 00
RBX=0x0000019ec50e89e0 points into unknown readable memory: 0x00007fff40fe99a8 | a8 99 fe 40 ff 7f 00 00
RCX=0x0000019ec50e89e0 points into unknown readable memory: 0x00007fff40fe99a8 | a8 99 fe 40 ff 7f 00 00
RDX=0x000000318e7fab68 is pointing into the stack for thread: 0x0000019ec888b000
RSP=0x000000318e7faae8 is pointing into the stack for thread: 0x0000019ec888b000
RBP=0x000000318e7fabc9 is pointing into the stack for thread: 0x0000019ec888b000
RSI=0x000000318e7fab68 is pointing into the stack for thread: 0x0000019ec888b000
RDI=0x0000019ec5550718 points into unknown readable memory: 0x00007fff41002278 | 78 22 00 41 ff 7f 00 00
R8 =0x000000318e7fab68 is pointing into the stack for thread: 0x0000019ec888b000
R9 =0x0000000000000006 is an unknown value
R10=0x00007fffed360000 VCRUNTIME140.dll
R11=0x0 is NULL
R12=0x000000318e7facaf is pointing into the stack for thread: 0x0000019ec888b000
R13=0x0 is NULL
R14=0x000000000000000f is an unknown value
R15=0x0 is NULL


Registers:
RAX=0x00007fff40fe99a8, RBX=0x0000019ec50e89e0, RCX=0x0000019ec50e89e0, RDX=0x000000318e7fab68
RSP=0x000000318e7faae8, RBP=0x000000318e7fabc9, RSI=0x000000318e7fab68, RDI=0x0000019ec5550718
R8 =0x000000318e7fab68, R9 =0x0000000000000006, R10=0x00007fffed360000, R11=0x0000000000000000
R12=0x000000318e7facaf, R13=0x0000000000000000, R14=0x000000000000000f, R15=0x0000000000000000
RIP=0x00007fff41044450, EFLAGS=0x0000000000010206

Top of Stack: (sp=0x000000318e7faae8)
0x000000318e7faae8:   00007fff40cf107c 0000000000000000
0x000000318e7faaf8:   0000019e8901640c 00000007441654f8
0x000000318e7fab08:   0000019e8862df14 0000000000000000
0x000000318e7fab18:   00007fff40cf3251 0000000000000000
0x000000318e7fab28:   0000019ec5550718 000000074fd9bba0
0x000000318e7fab38:   0000019e883c59d4 00000007441273a0
0x000000318e7fab48:   0000000000000000 0000000700000000
0x000000318e7fab58:   0000019ec50e89e0 fffffffffffffffe
0x000000318e7fab68:   00746c7561666564 0000019ec888b348
0x000000318e7fab78:   0000000000000007 000000000000000f
0x000000318e7fab88:   0000000740a2c600 0000000000000000
0x000000318e7fab98:   0000000000000000 000000000000000f
0x000000318e7faba8:   0000000740a2c690 000000074461b248
0x000000318e7fabb8:   00007ff80ba3b86b 00000000010d03a8
0x000000318e7fabc8:   00000000000000db 000037e2fac5f51f
0x000000318e7fabd8:   0000000000000000 0000001f00000003 

Instructions: (pc=0x00007fff41044450)
0x00007fff41044350:   10 43 46 00 00 00 00 00 00 00 00 00 00 00 00 00
0x00007fff41044360:   01 00 00 00 00 00 00 00 00 00 00 00 c8 89 5a 00
0x00007fff41044370:   88 43 46 00 60 43 46 00 00 00 00 00 00 00 00 00
0x00007fff41044380:   00 00 00 00 00 00 00 00 00 00 00 00 00 00 00 00
0x00007fff41044390:   01 00 00 00 a0 43 46 00 00 00 00 00 00 00 00 00
0x00007fff410443a0:   b0 43 46 00 00 00 00 00 00 00 00 00 00 00 00 00
0x00007fff410443b0:   c8 89 5a 00 00 00 00 00 00 00 00 00 ff ff ff ff
0x00007fff410443c0:   00 00 00 00 40 00 00 00 88 43 46 00 00 00 00 00
0x00007fff410443d0:   00 00 00 00 00 00 00 00 01 00 00 00 00 00 00 00
0x00007fff410443e0:   00 00 00 00 98 78 5a 00 00 44 46 00 d8 43 46 00
0x00007fff410443f0:   00 00 00 00 00 00 00 00 00 00 00 00 00 00 00 00
0x00007fff41044400:   00 00 00 00 00 00 00 00 01 00 00 00 18 44 46 00
0x00007fff41044410:   00 00 00 00 00 00 00 00 28 44 46 00 00 00 00 00
0x00007fff41044420:   00 00 00 00 00 00 00 00 98 78 5a 00 00 00 00 00
0x00007fff41044430:   00 00 00 00 ff ff ff ff 00 00 00 00 40 00 00 00
0x00007fff41044440:   00 44 46 00 00 00 00 00 00 00 00 00 00 00 00 00
0x00007fff41044450:   01 00 00 00 00 00 00 00 00 00 00 00 c0 78 5a 00
0x00007fff41044460:   78 44 46 00 50 44 46 00 00 00 00 00 00 00 00 00
0x00007fff41044470:   00 00 00 00 00 00 00 00 00 00 00 00 00 00 00 00
0x00007fff41044480:   01 00 00 00 90 44 46 00 00 00 00 00 00 00 00 00
0x00007fff41044490:   a0 44 46 00 00 00 00 00 00 00 00 00 00 00 00 00
0x00007fff410444a0:   c0 78 5a 00 00 00 00 00 00 00 00 00 ff ff ff ff
0x00007fff410444b0:   00 00 00 00 40 00 00 00 78 44 46 00 00 00 00 00
0x00007fff410444c0:   00 00 00 00 00 00 00 00 01 00 00 00 00 00 00 00
0x00007fff410444d0:   00 00 00 00 f8 89 5a 00 f0 44 46 00 c8 44 46 00
0x00007fff410444e0:   00 00 00 00 00 00 00 00 00 00 00 00 00 00 00 00
0x00007fff410444f0:   00 00 00 00 00 00 00 00 01 00 00 00 08 45 46 00
0x00007fff41044500:   00 00 00 00 00 00 00 00 18 45 46 00 00 00 00 00
0x00007fff41044510:   00 00 00 00 00 00 00 00 f8 89 5a 00 00 00 00 00
0x00007fff41044520:   00 00 00 00 ff ff ff ff 00 00 00 00 40 00 00 00
0x00007fff41044530:   f0 44 46 00 00 00 00 00 00 00 00 00 00 00 00 00
0x00007fff41044540:   01 00 00 00 00 00 00 00 00 00 00 00 30 8a 5a 00 


Stack slot to memory mapping:
stack at sp + 0 slots: 0x00007fff40cf107c points into unknown readable memory: 48 85 c0 75
stack at sp + 1 slots: 0x0 is NULL
stack at sp + 2 slots: 0x0000019e8901640c is at entry_point+204 in (nmethod*)0x0000019e89016190
stack at sp + 3 slots: 0x00000007441654f8 is an oop: ui.views.V.m 
{0x00000007441654f8} - klass: 'ui/views/V/m'
stack at sp + 4 slots: 0x0000019e8862df14 is at entry_point+1140 in (nmethod*)0x0000019e8862d890
stack at sp + 5 slots: 0x0 is NULL
stack at sp + 6 slots: 0x00007fff40cf3251 points into unknown readable memory: 48 8b f8 48 85 c0 75
stack at sp + 7 slots: 0x0 is NULL


---------------  P R O C E S S  ---------------

Threads class SMR info:
_java_thread_list=0x0000019ec97e67e0, length=44, elements={
0x0000019ec8067800, 0x0000019ec8879000, 0x0000019ec887c000, 0x0000019efc89a800,
0x0000019efc89b800, 0x0000019efc84f800, 0x0000019efc851000, 0x0000019efc852000,
0x0000019ec8887000, 0x0000019ec8888000, 0x0000019ec8886000, 0x0000019ec888c800,
0x0000019ec888c000, 0x0000019ec8888800, 0x0000019ec888b000, 0x0000019e9024a000,
0x0000019e9024b000, 0x0000019e90247800, 0x0000019e9024e000, 0x0000019e90254000,
0x0000019e90250800, 0x0000019e90255800, 0x0000019e90254800, 0x0000019e90250000,
0x0000019e90256800, 0x0000019ec8889800, 0x0000019ec888a800, 0x0000019eb70ce000,
0x0000019eb70cc800, 0x0000019e9024b800, 0x0000019e90248800, 0x0000019e90253000,
0x0000019ec2f3a800, 0x0000019ec2f39800, 0x0000019ec2f41000, 0x0000019ec2f40000,
0x0000019ec2f3d000, 0x0000019ec2f3e000, 0x0000019ec2f44800, 0x0000019ec2f3b800,
0x0000019ec2f38000, 0x0000019ec2f39000, 0x0000019ec2f37800, 0x0000019ec2f43800
}

Java Threads: ( => current thread )
  0x0000019ec8067800 JavaThread "main" [_thread_blocked, id=1528, stack(0x0000003188d00000,0x0000003188e00000)]
  0x0000019ec8879000 JavaThread "Reference Handler" daemon [_thread_blocked, id=1228, stack(0x0000003189400000,0x0000003189900000)]
  0x0000019ec887c000 JavaThread "Finalizer" daemon [_thread_blocked, id=24600, stack(0x0000003189900000,0x0000003189e00000)]
  0x0000019efc89a800 JavaThread "Signal Dispatcher" daemon [_thread_blocked, id=9016, stack(0x0000003189e00000,0x000000318a300000)]
  0x0000019efc89b800 JavaThread "Attach Listener" daemon [_thread_blocked, id=19604, stack(0x000000318a300000,0x000000318a800000)]
  0x0000019efc84f800 JavaThread "Service Thread" daemon [_thread_blocked, id=15976, stack(0x000000318a800000,0x000000318ad00000)]
  0x0000019efc851000 JavaThread "C2 CompilerThread0" daemon [_thread_blocked, id=7732, stack(0x000000318ad00000,0x000000318ae00000)]
  0x0000019efc852000 JavaThread "C1 CompilerThread0" daemon [_thread_blocked, id=5128, stack(0x000000318ae00000,0x000000318af00000)]
  0x0000019ec8887000 JavaThread "Sweeper thread" daemon [_thread_blocked, id=27704, stack(0x000000318af00000,0x000000318b400000)]
  0x0000019ec8888000 JavaThread "Common-Cleaner" daemon [_thread_blocked, id=12176, stack(0x000000318b700000,0x000000318bc00000)]
  0x0000019ec8886000 JavaThread "Java2D Disposer" daemon [_thread_blocked, id=27360, stack(0x000000318bf00000,0x000000318c400000)]
  0x0000019ec888c800 JavaThread "AWT-Shutdown" [_thread_blocked, id=23340, stack(0x000000318c400000,0x000000318c900000)]
  0x0000019ec888c000 JavaThread "AWT-Windows" daemon [_thread_in_native, id=9132, stack(0x000000318c900000,0x000000318ce00000)]
  0x0000019ec8888800 JavaThread "TimerQueue" daemon [_thread_blocked, id=24104, stack(0x000000318d500000,0x000000318da00000)]
=>0x0000019ec888b000 JavaThread "AWT-EventQueue-0" [_thread_in_native, id=18584, stack(0x000000318e300000,0x000000318e800000)]
  0x0000019e9024a000 JavaThread "Thread-1" [_thread_in_native, id=25748, stack(0x0000003187600000,0x0000003188a00000)]
  0x0000019e9024b000 JavaThread "Process Messages Thread" [_thread_blocked, id=24172, stack(0x000000318f100000,0x000000318f600000)]
  0x0000019e90247800 JavaThread "Batik CleanerThread" daemon [_thread_blocked, id=20264, stack(0x000000318e800000,0x000000318ed00000)]
  0x0000019e9024e000 JavaThread "SyntheticaCleanerThread" daemon [_thread_blocked, id=17868, stack(0x000000318fb00000,0x0000003190000000)]
  0x0000019e90254000 JavaThread "Monitor HEventQueue Thread" [_thread_blocked, id=18608, stack(0x0000003190800000,0x0000003190d00000)]
  0x0000019e90250800 JavaThread "SyntheticaAnimation 50" daemon [_thread_blocked, id=25308, stack(0x0000003190e00000,0x0000003191300000)]
  0x0000019e90255800 JavaThread "SyntheticaAnimation 25" daemon [_thread_blocked, id=23428, stack(0x0000003191500000,0x0000003191a00000)]
  0x0000019e90254800 JavaThread "SyntheticaAnimation 70" daemon [_thread_blocked, id=5724, stack(0x0000003190000000,0x0000003190500000)]
  0x0000019e90250000 JavaThread "Refresh Filesets Swing Worker Thread" [_thread_blocked, id=26036, stack(0x0000003191a00000,0x0000003191f00000)]
  0x0000019e90256800 JavaThread "Thread-20" [_thread_blocked, id=20296, stack(0x0000003191f00000,0x0000003192400000)]
  0x0000019ec8889800 JavaThread "OutputGobbler" daemon [_thread_in_native, id=14912, stack(0x0000003192400000,0x0000003192900000)]
  0x0000019ec888a800 JavaThread "ErrorGobbler" daemon [_thread_in_native, id=1680, stack(0x0000003192900000,0x0000003192e00000)]
  0x0000019eb70ce000 JavaThread "hw_ila_monitor" [_thread_blocked, id=23492, stack(0x0000003193800000,0x0000003193d00000)]
  0x0000019eb70cc800 JavaThread "pool-3-thread-1" [_thread_blocked, id=13172, stack(0x0000003194200000,0x0000003194700000)]
  0x0000019e9024b800 JavaThread "pool-4-thread-1" [_thread_blocked, id=8060, stack(0x0000003194700000,0x0000003194c00000)]
  0x0000019e90248800 JavaThread "pool-5-thread-1" [_thread_blocked, id=1964, stack(0x0000003194c00000,0x0000003195100000)]
  0x0000019e90253000 JavaThread "Update Runs Swing Worker Thread" [_thread_blocked, id=11940, stack(0x0000003195600000,0x0000003195b00000)]
  0x0000019ec2f3a800 JavaThread "Watchdog Thread for com.sigasi.lsp.server.BootstrappedLspServer" daemon [_thread_blocked, id=1300, stack(0x000000318f600000,0x000000318fb00000)]
  0x0000019ec2f39800 JavaThread "Life support thread" daemon [_thread_blocked, id=3312, stack(0x0000003193300000,0x0000003193800000)]
  0x0000019ec2f41000 JavaThread "Protocol translation thread 0" [_thread_in_native, id=21948, stack(0x0000003195100000,0x0000003195600000)]
  0x0000019ec2f40000 JavaThread "pool-7-thread-1" [_thread_blocked, id=27832, stack(0x0000003195b00000,0x0000003196000000)]
  0x0000019ec2f3d000 JavaThread "EMF Reference Cleaner" daemon [_thread_blocked, id=24468, stack(0x0000003196000000,0x0000003196500000)]
  0x0000019ec2f3e000 JavaThread "pool-8-thread-1" [_thread_blocked, id=20912, stack(0x0000003196a00000,0x0000003196f00000)]
  0x0000019ec2f44800 JavaThread "SyntheticaAnimation 50" daemon [_thread_blocked, id=10140, stack(0x0000003193d00000,0x0000003194200000)]
  0x0000019ec2f3b800 JavaThread "Timer-1" [_thread_blocked, id=26692, stack(0x000000318da00000,0x000000318df00000)]
  0x0000019ec2f38000 JavaThread "Monitor File Timestamp Swing Worker Thread" [_thread_blocked, id=27472, stack(0x0000003196500000,0x0000003196a00000)]
  0x0000019ec2f39000 JavaThread "ForkJoinPool.commonPool-worker-9" daemon [_thread_blocked, id=24176, stack(0x0000003196f00000,0x0000003197400000)]
  0x0000019ec2f37800 JavaThread "ForkJoinPool.commonPool-worker-13" daemon [_thread_blocked, id=28208, stack(0x0000003192e00000,0x0000003193300000)]
  0x0000019ec2f43800 JavaThread "Relaunch Simulation Thread" [_thread_blocked, id=2132, stack(0x0000003197900000,0x0000003197e00000)]

Other Threads:
  0x0000019ec8872000 VMThread "VM Thread" [stack: 0x0000003189300000,0x0000003189400000] [id=13848]
  0x0000019efcbe1000 WatcherThread [stack: 0x000000318bc00000,0x000000318bd00000] [id=28444]
  0x0000019ec85fc800 GCTaskThread "GC Thread#0" [stack: 0x0000003188e00000,0x0000003188f00000] [id=21816]
  0x0000019eff54a000 GCTaskThread "GC Thread#1" [stack: 0x000000318cf00000,0x000000318d000000] [id=25136]
  0x0000019eff540800 GCTaskThread "GC Thread#2" [stack: 0x000000318d000000,0x000000318d100000] [id=25252]
  0x0000019eff6dd800 GCTaskThread "GC Thread#3" [stack: 0x000000318d100000,0x000000318d200000] [id=6380]
  0x0000019eff41e000 GCTaskThread "GC Thread#4" [stack: 0x000000318d200000,0x000000318d300000] [id=11408]
  0x0000019efe8de800 GCTaskThread "GC Thread#5" [stack: 0x000000318d300000,0x000000318d400000] [id=12780]
  0x0000019e92bb5800 GCTaskThread "GC Thread#6" [stack: 0x000000318ed00000,0x000000318ee00000] [id=26224]
  0x0000019e9170a800 GCTaskThread "GC Thread#7" [stack: 0x000000318ee00000,0x000000318ef00000] [id=12404]
  0x0000019eff690800 GCTaskThread "GC Thread#8" [stack: 0x000000318bd00000,0x000000318be00000] [id=24512]
  0x0000019eff696800 GCTaskThread "GC Thread#9" [stack: 0x000000318be00000,0x000000318bf00000] [id=19068]
  0x0000019eff693800 GCTaskThread "GC Thread#10" [stack: 0x000000318e100000,0x000000318e200000] [id=3832]
  0x0000019eff695000 GCTaskThread "GC Thread#11" [stack: 0x000000318e200000,0x000000318e300000] [id=27508]
  0x0000019e954d9000 GCTaskThread "GC Thread#12" [stack: 0x0000003190d00000,0x0000003190e00000] [id=13844]
  0x0000019ec863b000 ConcurrentGCThread "G1 Main Marker" [stack: 0x0000003188f00000,0x0000003189000000] [id=28216]
  0x0000019ec863c000 ConcurrentGCThread "G1 Conc#0" [stack: 0x0000003189000000,0x0000003189100000] [id=28392]
  0x0000019e90ba4000 ConcurrentGCThread "G1 Conc#1" [stack: 0x000000318ef00000,0x000000318f000000] [id=15204]
  0x0000019e8f6e7800 ConcurrentGCThread "G1 Conc#2" [stack: 0x000000318f000000,0x000000318f100000] [id=7836]
  0x0000019ec8772800 ConcurrentGCThread "G1 Refine#0" [stack: 0x0000003189100000,0x0000003189200000] [id=20176]
  0x0000019efeb82800 ConcurrentGCThread "G1 Refine#1" [stack: 0x000000318d400000,0x000000318d500000] [id=15784]
  0x0000019ec8776000 ConcurrentGCThread "G1 Young RemSet Sampling" [stack: 0x0000003189200000,0x0000003189300000] [id=24636]

Threads with active compile tasks:

VM state:not at safepoint (normal execution)

VM Mutex/Monitor currently owned by a thread: None

Heap address: 0x0000000740000000, size: 3072 MB, Compressed Oops mode: Zero based, Oop shift amount: 3
Narrow klass base: 0x0000000800000000, Narrow klass shift: 0
Compressed class space size: 1073741824 Address: 0x0000000800000000

Heap:
 garbage-first heap   total 262144K, used 80733K [0x0000000740000000, 0x0000000800000000)
  region size 1024K, 5 young (5120K), 1 survivors (1024K)
 Metaspace       used 109774K, capacity 111620K, committed 113516K, reserved 1148928K
  class space    used 13673K, capacity 14450K, committed 15104K, reserved 1048576K
Heap Regions: E=young(eden), S=young(survivor), O=old, HS=humongous(starts), HC=humongous(continues), CS=collection set, F=free, A=archive, TAMS=top-at-mark-start (previous, next)
|   0|0x0000000740000000, 0x0000000740100000, 0x0000000740100000|100%|HS|  |TAMS 0x0000000740000000, 0x0000000740000000| Untracked 
|   1|0x0000000740100000, 0x0000000740200000, 0x0000000740200000|100%|HC|  |TAMS 0x0000000740100000, 0x0000000740100000| Untracked 
|   2|0x0000000740200000, 0x0000000740300000, 0x0000000740300000|100%|HS|  |TAMS 0x0000000740200000, 0x0000000740200000| Untracked 
|   3|0x0000000740300000, 0x00000007403ffff8, 0x0000000740400000| 99%| O|  |TAMS 0x0000000740300000, 0x0000000740300000| Untracked 
|   4|0x0000000740400000, 0x00000007404ffff8, 0x0000000740500000| 99%| O|  |TAMS 0x0000000740400000, 0x0000000740400000| Untracked 
|   5|0x0000000740500000, 0x00000007405ffff0, 0x0000000740600000| 99%| O|  |TAMS 0x0000000740500000, 0x0000000740500000| Untracked 
|   6|0x0000000740600000, 0x0000000740700000, 0x0000000740700000|100%| O|  |TAMS 0x0000000740600000, 0x0000000740600000| Untracked 
|   7|0x0000000740700000, 0x00000007407ffff8, 0x0000000740800000| 99%| O|  |TAMS 0x0000000740700000, 0x0000000740700000| Untracked 
|   8|0x0000000740800000, 0x0000000740900000, 0x0000000740900000|100%| O|  |TAMS 0x0000000740800000, 0x0000000740800000| Untracked 
|   9|0x0000000740900000, 0x00000007409ffff8, 0x0000000740a00000| 99%| O|  |TAMS 0x0000000740900000, 0x0000000740900000| Untracked 
|  10|0x0000000740a00000, 0x0000000740affff0, 0x0000000740b00000| 99%| O|  |TAMS 0x0000000740a00000, 0x0000000740a00000| Untracked 
|  11|0x0000000740b00000, 0x0000000740bffff0, 0x0000000740c00000| 99%| O|  |TAMS 0x0000000740b00000, 0x0000000740b00000| Untracked 
|  12|0x0000000740c00000, 0x0000000740d00000, 0x0000000740d00000|100%| O|  |TAMS 0x0000000740c00000, 0x0000000740c00000| Untracked 
|  13|0x0000000740d00000, 0x0000000740dffff8, 0x0000000740e00000| 99%| O|  |TAMS 0x0000000740d00000, 0x0000000740d00000| Untracked 
|  14|0x0000000740e00000, 0x0000000740f00000, 0x0000000740f00000|100%| O|  |TAMS 0x0000000740e00000, 0x0000000740e00000| Untracked 
|  15|0x0000000740f00000, 0x0000000741000000, 0x0000000741000000|100%| O|  |TAMS 0x0000000740f00000, 0x0000000740f00000| Untracked 
|  16|0x0000000741000000, 0x0000000741100000, 0x0000000741100000|100%| O|  |TAMS 0x0000000741000000, 0x0000000741000000| Untracked 
|  17|0x0000000741100000, 0x00000007411fffd8, 0x0000000741200000| 99%| O|  |TAMS 0x0000000741100000, 0x0000000741100000| Untracked 
|  18|0x0000000741200000, 0x0000000741300000, 0x0000000741300000|100%| O|  |TAMS 0x0000000741200000, 0x0000000741200000| Untracked 
|  19|0x0000000741300000, 0x00000007413ffff8, 0x0000000741400000| 99%| O|  |TAMS 0x0000000741300000, 0x0000000741300000| Untracked 
|  20|0x0000000741400000, 0x00000007414ffff8, 0x0000000741500000| 99%| O|  |TAMS 0x0000000741400000, 0x0000000741400000| Untracked 
|  21|0x0000000741500000, 0x00000007415ffff8, 0x0000000741600000| 99%| O|  |TAMS 0x0000000741500000, 0x0000000741500000| Untracked 
|  22|0x0000000741600000, 0x00000007416fffc8, 0x0000000741700000| 99%| O|  |TAMS 0x0000000741600000, 0x0000000741600000| Untracked 
|  23|0x0000000741700000, 0x00000007417ffff0, 0x0000000741800000| 99%| O|  |TAMS 0x0000000741700000, 0x0000000741700000| Untracked 
|  24|0x0000000741800000, 0x00000007418ffff8, 0x0000000741900000| 99%| O|  |TAMS 0x0000000741800000, 0x0000000741800000| Untracked 
|  25|0x0000000741900000, 0x0000000741a00000, 0x0000000741a00000|100%| O|  |TAMS 0x0000000741900000, 0x0000000741900000| Untracked 
|  26|0x0000000741a00000, 0x0000000741affff0, 0x0000000741b00000| 99%| O|  |TAMS 0x0000000741a00000, 0x0000000741a00000| Untracked 
|  27|0x0000000741b00000, 0x0000000741bffff8, 0x0000000741c00000| 99%| O|  |TAMS 0x0000000741b00000, 0x0000000741b00000| Untracked 
|  28|0x0000000741c00000, 0x0000000741cfffe8, 0x0000000741d00000| 99%| O|  |TAMS 0x0000000741c00000, 0x0000000741c00000| Untracked 
|  29|0x0000000741d00000, 0x0000000741dfffe8, 0x0000000741e00000| 99%| O|  |TAMS 0x0000000741d00000, 0x0000000741d00000| Untracked 
|  30|0x0000000741e00000, 0x0000000741effff8, 0x0000000741f00000| 99%| O|  |TAMS 0x0000000741e00000, 0x0000000741e00000| Untracked 
|  31|0x0000000741f00000, 0x0000000742000000, 0x0000000742000000|100%| O|  |TAMS 0x0000000741f00000, 0x0000000741f00000| Untracked 
|  32|0x0000000742000000, 0x00000007420ffec0, 0x0000000742100000| 99%| O|  |TAMS 0x0000000742000000, 0x0000000742000000| Untracked 
|  33|0x0000000742100000, 0x00000007421ffff8, 0x0000000742200000| 99%| O|  |TAMS 0x0000000742100000, 0x0000000742100000| Untracked 
|  34|0x0000000742200000, 0x0000000742300000, 0x0000000742300000|100%| O|  |TAMS 0x0000000742200000, 0x0000000742200000| Untracked 
|  35|0x0000000742300000, 0x00000007423ffef8, 0x0000000742400000| 99%| O|  |TAMS 0x0000000742300000, 0x0000000742300000| Untracked 
|  36|0x0000000742400000, 0x00000007424ffff0, 0x0000000742500000| 99%| O|  |TAMS 0x0000000742400000, 0x0000000742400000| Untracked 
|  37|0x0000000742500000, 0x00000007425fffc0, 0x0000000742600000| 99%| O|  |TAMS 0x0000000742500000, 0x0000000742500000| Untracked 
|  38|0x0000000742600000, 0x0000000742700000, 0x0000000742700000|100%| O|  |TAMS 0x0000000742600000, 0x0000000742600000| Untracked 
|  39|0x0000000742700000, 0x0000000742800000, 0x0000000742800000|100%| O|  |TAMS 0x0000000742700000, 0x0000000742700000| Untracked 
|  40|0x0000000742800000, 0x00000007428ffff8, 0x0000000742900000| 99%| O|  |TAMS 0x0000000742800000, 0x0000000742800000| Untracked 
|  41|0x0000000742900000, 0x00000007429fffe0, 0x0000000742a00000| 99%| O|  |TAMS 0x0000000742900000, 0x0000000742900000| Untracked 
|  42|0x0000000742a00000, 0x0000000742affff8, 0x0000000742b00000| 99%| O|  |TAMS 0x0000000742a00000, 0x0000000742a00000| Untracked 
|  43|0x0000000742b00000, 0x0000000742bfffc8, 0x0000000742c00000| 99%| O|  |TAMS 0x0000000742b00000, 0x0000000742b00000| Untracked 
|  44|0x0000000742c00000, 0x0000000742d00000, 0x0000000742d00000|100%|HS|  |TAMS 0x0000000742c00000, 0x0000000742c00000| Untracked 
|  45|0x0000000742d00000, 0x0000000742e00000, 0x0000000742e00000|100%|HC|  |TAMS 0x0000000742d00000, 0x0000000742d00000| Untracked 
|  46|0x0000000742e00000, 0x0000000742f00000, 0x0000000742f00000|100%|HC|  |TAMS 0x0000000742e00000, 0x0000000742e00000| Untracked 
|  47|0x0000000742f00000, 0x0000000743000000, 0x0000000743000000|100%|HC|  |TAMS 0x0000000742f00000, 0x0000000742f00000| Untracked 
|  48|0x0000000743000000, 0x0000000743100000, 0x0000000743100000|100%|HC|  |TAMS 0x0000000743000000, 0x0000000743000000| Untracked 
|  49|0x0000000743100000, 0x0000000743200000, 0x0000000743200000|100%|HC|  |TAMS 0x0000000743100000, 0x0000000743100000| Untracked 
|  50|0x0000000743200000, 0x0000000743300000, 0x0000000743300000|100%|HC|  |TAMS 0x0000000743200000, 0x0000000743200000| Untracked 
|  51|0x0000000743300000, 0x0000000743400000, 0x0000000743400000|100%|HC|  |TAMS 0x0000000743300000, 0x0000000743300000| Untracked 
|  52|0x0000000743400000, 0x00000007434fffe0, 0x0000000743500000| 99%| O|  |TAMS 0x0000000743400000, 0x0000000743400000| Untracked 
|  53|0x0000000743500000, 0x00000007435fffe8, 0x0000000743600000| 99%| O|  |TAMS 0x0000000743500000, 0x0000000743500000| Untracked 
|  54|0x0000000743600000, 0x0000000743700000, 0x0000000743700000|100%| O|  |TAMS 0x0000000743600000, 0x0000000743600000| Untracked 
|  55|0x0000000743700000, 0x0000000743800000, 0x0000000743800000|100%| O|  |TAMS 0x0000000743700000, 0x0000000743700000| Untracked 
|  56|0x0000000743800000, 0x00000007438fffb0, 0x0000000743900000| 99%| O|  |TAMS 0x0000000743800000, 0x0000000743800000| Untracked 
|  57|0x0000000743900000, 0x00000007439fffd8, 0x0000000743a00000| 99%| O|  |TAMS 0x0000000743900000, 0x0000000743900000| Untracked 
|  58|0x0000000743a00000, 0x0000000743afffa8, 0x0000000743b00000| 99%| O|  |TAMS 0x0000000743a00000, 0x0000000743a00000| Untracked 
|  59|0x0000000743b00000, 0x0000000743bffff8, 0x0000000743c00000| 99%| O|  |TAMS 0x0000000743b00000, 0x0000000743b00000| Untracked 
|  60|0x0000000743c00000, 0x0000000743cfffe8, 0x0000000743d00000| 99%| O|  |TAMS 0x0000000743c00000, 0x0000000743c00000| Untracked 
|  61|0x0000000743d00000, 0x0000000743dfffe0, 0x0000000743e00000| 99%| O|  |TAMS 0x0000000743d00000, 0x0000000743d00000| Untracked 
|  62|0x0000000743e00000, 0x0000000743effff8, 0x0000000743f00000| 99%| O|  |TAMS 0x0000000743e00000, 0x0000000743e00000| Untracked 
|  63|0x0000000743f00000, 0x0000000743ffffb8, 0x0000000744000000| 99%| O|  |TAMS 0x0000000743f00000, 0x0000000743f00000| Untracked 
|  64|0x0000000744000000, 0x00000007440fffa0, 0x0000000744100000| 99%| O|  |TAMS 0x0000000744000000, 0x0000000744000000| Untracked 
|  65|0x0000000744100000, 0x00000007441ffff0, 0x0000000744200000| 99%| O|  |TAMS 0x0000000744100000, 0x0000000744100000| Untracked 
|  66|0x0000000744200000, 0x00000007442fffe8, 0x0000000744300000| 99%| O|  |TAMS 0x0000000744200000, 0x0000000744200000| Untracked 
|  67|0x0000000744300000, 0x00000007443fe830, 0x0000000744400000| 99%| O|  |TAMS 0x0000000744300000, 0x0000000744300000| Untracked 
|  68|0x0000000744400000, 0x00000007444f5d80, 0x0000000744500000| 96%| O|  |TAMS 0x0000000744400000, 0x0000000744400000| Untracked 
|  69|0x0000000744500000, 0x0000000744600000, 0x0000000744600000|100%| O|  |TAMS 0x0000000744500000, 0x0000000744500000| Untracked 
|  70|0x0000000744600000, 0x00000007446c8ec8, 0x0000000744700000| 78%| O|  |TAMS 0x0000000744600000, 0x0000000744600000| Untracked 
|  71|0x0000000744700000, 0x00000007447dbbf8, 0x0000000744800000| 85%| O|  |TAMS 0x0000000744700000, 0x0000000744700000| Untracked 
|  72|0x0000000744800000, 0x00000007448c8fe8, 0x0000000744900000| 78%| O|  |TAMS 0x0000000744800000, 0x0000000744800000| Untracked 
|  73|0x0000000744900000, 0x0000000744a00000, 0x0000000744a00000|100%|HS|  |TAMS 0x0000000744900000, 0x0000000744900000| Untracked 
|  74|0x0000000744a00000, 0x0000000744b00000, 0x0000000744b00000|100%|HC|  |TAMS 0x0000000744a00000, 0x0000000744a00000| Untracked 
|  75|0x0000000744b00000, 0x0000000744b7f5a0, 0x0000000744c00000| 49%| O|  |TAMS 0x0000000744b00000, 0x0000000744b00000| Untracked 
|  76|0x0000000744c00000, 0x0000000744c03048, 0x0000000744d00000|  1%| O|  |TAMS 0x0000000744c00000, 0x0000000744c00000| Untracked 
|  77|0x0000000744d00000, 0x0000000744d00000, 0x0000000744e00000|  0%| F|  |TAMS 0x0000000744d00000, 0x0000000744d00000| Untracked 
|  78|0x0000000744e00000, 0x0000000744e00000, 0x0000000744f00000|  0%| F|  |TAMS 0x0000000744e00000, 0x0000000744e00000| Untracked 
|  79|0x0000000744f00000, 0x0000000744f00000, 0x0000000745000000|  0%| F|  |TAMS 0x0000000744f00000, 0x0000000744f00000| Untracked 
|  80|0x0000000745000000, 0x0000000745000000, 0x0000000745100000|  0%| F|  |TAMS 0x0000000745000000, 0x0000000745000000| Untracked 
|  81|0x0000000745100000, 0x0000000745100000, 0x0000000745200000|  0%| F|  |TAMS 0x0000000745100000, 0x0000000745100000| Untracked 
|  82|0x0000000745200000, 0x0000000745200000, 0x0000000745300000|  0%| F|  |TAMS 0x0000000745200000, 0x0000000745200000| Untracked 
|  83|0x0000000745300000, 0x0000000745300000, 0x0000000745400000|  0%| F|  |TAMS 0x0000000745300000, 0x0000000745300000| Untracked 
|  84|0x0000000745400000, 0x0000000745400000, 0x0000000745500000|  0%| F|  |TAMS 0x0000000745400000, 0x0000000745400000| Untracked 
|  85|0x0000000745500000, 0x0000000745500000, 0x0000000745600000|  0%| F|  |TAMS 0x0000000745500000, 0x0000000745500000| Untracked 
|  86|0x0000000745600000, 0x0000000745600000, 0x0000000745700000|  0%| F|  |TAMS 0x0000000745600000, 0x0000000745600000| Untracked 
|  87|0x0000000745700000, 0x0000000745700000, 0x0000000745800000|  0%| F|  |TAMS 0x0000000745700000, 0x0000000745700000| Untracked 
|  88|0x0000000745800000, 0x0000000745800000, 0x0000000745900000|  0%| F|  |TAMS 0x0000000745800000, 0x0000000745800000| Untracked 
|  89|0x0000000745900000, 0x0000000745900000, 0x0000000745a00000|  0%| F|  |TAMS 0x0000000745900000, 0x0000000745900000| Untracked 
|  90|0x0000000745a00000, 0x0000000745a00000, 0x0000000745b00000|  0%| F|  |TAMS 0x0000000745a00000, 0x0000000745a00000| Untracked 
|  91|0x0000000745b00000, 0x0000000745b00000, 0x0000000745c00000|  0%| F|  |TAMS 0x0000000745b00000, 0x0000000745b00000| Untracked 
|  92|0x0000000745c00000, 0x0000000745c00000, 0x0000000745d00000|  0%| F|  |TAMS 0x0000000745c00000, 0x0000000745c00000| Untracked 
|  93|0x0000000745d00000, 0x0000000745d00000, 0x0000000745e00000|  0%| F|  |TAMS 0x0000000745d00000, 0x0000000745d00000| Untracked 
|  94|0x0000000745e00000, 0x0000000745e00000, 0x0000000745f00000|  0%| F|  |TAMS 0x0000000745e00000, 0x0000000745e00000| Untracked 
|  95|0x0000000745f00000, 0x0000000745f00000, 0x0000000746000000|  0%| F|  |TAMS 0x0000000745f00000, 0x0000000745f00000| Untracked 
|  96|0x0000000746000000, 0x0000000746000000, 0x0000000746100000|  0%| F|  |TAMS 0x0000000746000000, 0x0000000746000000| Untracked 
|  97|0x0000000746100000, 0x0000000746100000, 0x0000000746200000|  0%| F|  |TAMS 0x0000000746100000, 0x0000000746100000| Untracked 
|  98|0x0000000746200000, 0x0000000746200000, 0x0000000746300000|  0%| F|  |TAMS 0x0000000746200000, 0x0000000746200000| Untracked 
|  99|0x0000000746300000, 0x0000000746300000, 0x0000000746400000|  0%| F|  |TAMS 0x0000000746300000, 0x0000000746300000| Untracked 
| 100|0x0000000746400000, 0x0000000746400000, 0x0000000746500000|  0%| F|  |TAMS 0x0000000746400000, 0x0000000746400000| Untracked 
| 101|0x0000000746500000, 0x0000000746500000, 0x0000000746600000|  0%| F|  |TAMS 0x0000000746500000, 0x0000000746500000| Untracked 
| 102|0x0000000746600000, 0x0000000746600000, 0x0000000746700000|  0%| F|  |TAMS 0x0000000746600000, 0x0000000746600000| Untracked 
| 103|0x0000000746700000, 0x0000000746700000, 0x0000000746800000|  0%| F|  |TAMS 0x0000000746700000, 0x0000000746700000| Untracked 
| 104|0x0000000746800000, 0x0000000746800000, 0x0000000746900000|  0%| F|  |TAMS 0x0000000746800000, 0x0000000746800000| Untracked 
| 105|0x0000000746900000, 0x0000000746900000, 0x0000000746a00000|  0%| F|  |TAMS 0x0000000746900000, 0x0000000746900000| Untracked 
| 106|0x0000000746a00000, 0x0000000746a00000, 0x0000000746b00000|  0%| F|  |TAMS 0x0000000746a00000, 0x0000000746a00000| Untracked 
| 107|0x0000000746b00000, 0x0000000746b00000, 0x0000000746c00000|  0%| F|  |TAMS 0x0000000746b00000, 0x0000000746b00000| Untracked 
| 108|0x0000000746c00000, 0x0000000746c00000, 0x0000000746d00000|  0%| F|  |TAMS 0x0000000746c00000, 0x0000000746c00000| Untracked 
| 109|0x0000000746d00000, 0x0000000746d00000, 0x0000000746e00000|  0%| F|  |TAMS 0x0000000746d00000, 0x0000000746d00000| Untracked 
| 110|0x0000000746e00000, 0x0000000746e00000, 0x0000000746f00000|  0%| F|  |TAMS 0x0000000746e00000, 0x0000000746e00000| Untracked 
| 111|0x0000000746f00000, 0x0000000746f00000, 0x0000000747000000|  0%| F|  |TAMS 0x0000000746f00000, 0x0000000746f00000| Untracked 
| 112|0x0000000747000000, 0x0000000747000000, 0x0000000747100000|  0%| F|  |TAMS 0x0000000747000000, 0x0000000747000000| Untracked 
| 113|0x0000000747100000, 0x0000000747100000, 0x0000000747200000|  0%| F|  |TAMS 0x0000000747100000, 0x0000000747100000| Untracked 
| 114|0x0000000747200000, 0x0000000747200000, 0x0000000747300000|  0%| F|  |TAMS 0x0000000747200000, 0x0000000747200000| Untracked 
| 115|0x0000000747300000, 0x0000000747300000, 0x0000000747400000|  0%| F|  |TAMS 0x0000000747300000, 0x0000000747300000| Untracked 
| 116|0x0000000747400000, 0x0000000747400000, 0x0000000747500000|  0%| F|  |TAMS 0x0000000747400000, 0x0000000747400000| Untracked 
| 117|0x0000000747500000, 0x000000074750d2c8, 0x0000000747600000|  5%| O|  |TAMS 0x0000000747500000, 0x0000000747500000| Untracked 
| 118|0x0000000747600000, 0x0000000747600000, 0x0000000747700000|  0%| F|  |TAMS 0x0000000747600000, 0x0000000747600000| Untracked 
| 119|0x0000000747700000, 0x0000000747700000, 0x0000000747800000|  0%| F|  |TAMS 0x0000000747700000, 0x0000000747700000| Untracked 
| 120|0x0000000747800000, 0x0000000747800000, 0x0000000747900000|  0%| F|  |TAMS 0x0000000747800000, 0x0000000747800000| Untracked 
| 121|0x0000000747900000, 0x0000000747900000, 0x0000000747a00000|  0%| F|  |TAMS 0x0000000747900000, 0x0000000747900000| Untracked 
| 122|0x0000000747a00000, 0x0000000747a00000, 0x0000000747b00000|  0%| F|  |TAMS 0x0000000747a00000, 0x0000000747a00000| Untracked 
| 123|0x0000000747b00000, 0x0000000747b00000, 0x0000000747c00000|  0%| F|  |TAMS 0x0000000747b00000, 0x0000000747b00000| Untracked 
| 124|0x0000000747c00000, 0x0000000747c00000, 0x0000000747d00000|  0%| F|  |TAMS 0x0000000747c00000, 0x0000000747c00000| Untracked 
| 125|0x0000000747d00000, 0x0000000747d00000, 0x0000000747e00000|  0%| F|  |TAMS 0x0000000747d00000, 0x0000000747d00000| Untracked 
| 126|0x0000000747e00000, 0x0000000747e00000, 0x0000000747f00000|  0%| F|  |TAMS 0x0000000747e00000, 0x0000000747e00000| Untracked 
| 127|0x0000000747f00000, 0x0000000747f00000, 0x0000000748000000|  0%| F|  |TAMS 0x0000000747f00000, 0x0000000747f00000| Untracked 
| 128|0x0000000748000000, 0x0000000748000000, 0x0000000748100000|  0%| F|  |TAMS 0x0000000748000000, 0x0000000748000000| Untracked 
| 129|0x0000000748100000, 0x0000000748100000, 0x0000000748200000|  0%| F|  |TAMS 0x0000000748100000, 0x0000000748100000| Untracked 
| 130|0x0000000748200000, 0x0000000748200000, 0x0000000748300000|  0%| F|  |TAMS 0x0000000748200000, 0x0000000748200000| Untracked 
| 131|0x0000000748300000, 0x0000000748300000, 0x0000000748400000|  0%| F|  |TAMS 0x0000000748300000, 0x0000000748300000| Untracked 
| 132|0x0000000748400000, 0x0000000748400000, 0x0000000748500000|  0%| F|  |TAMS 0x0000000748400000, 0x0000000748400000| Untracked 
| 133|0x0000000748500000, 0x0000000748500000, 0x0000000748600000|  0%| F|  |TAMS 0x0000000748500000, 0x0000000748500000| Untracked 
| 134|0x0000000748600000, 0x0000000748600000, 0x0000000748700000|  0%| F|  |TAMS 0x0000000748600000, 0x0000000748600000| Untracked 
| 135|0x0000000748700000, 0x0000000748700000, 0x0000000748800000|  0%| F|  |TAMS 0x0000000748700000, 0x0000000748700000| Untracked 
| 136|0x0000000748800000, 0x0000000748800000, 0x0000000748900000|  0%| F|  |TAMS 0x0000000748800000, 0x0000000748800000| Untracked 
| 137|0x0000000748900000, 0x0000000748900000, 0x0000000748a00000|  0%| F|  |TAMS 0x0000000748900000, 0x0000000748900000| Untracked 
| 138|0x0000000748a00000, 0x0000000748a00000, 0x0000000748b00000|  0%| F|  |TAMS 0x0000000748a00000, 0x0000000748a00000| Untracked 
| 139|0x0000000748b00000, 0x0000000748b00000, 0x0000000748c00000|  0%| F|  |TAMS 0x0000000748b00000, 0x0000000748b00000| Untracked 
| 140|0x0000000748c00000, 0x0000000748c00000, 0x0000000748d00000|  0%| F|  |TAMS 0x0000000748c00000, 0x0000000748c00000| Untracked 
| 141|0x0000000748d00000, 0x0000000748d00000, 0x0000000748e00000|  0%| F|  |TAMS 0x0000000748d00000, 0x0000000748d00000| Untracked 
| 142|0x0000000748e00000, 0x0000000748e00000, 0x0000000748f00000|  0%| F|  |TAMS 0x0000000748e00000, 0x0000000748e00000| Untracked 
| 143|0x0000000748f00000, 0x0000000748f00000, 0x0000000749000000|  0%| F|  |TAMS 0x0000000748f00000, 0x0000000748f00000| Untracked 
| 144|0x0000000749000000, 0x0000000749000000, 0x0000000749100000|  0%| F|  |TAMS 0x0000000749000000, 0x0000000749000000| Untracked 
| 145|0x0000000749100000, 0x0000000749100000, 0x0000000749200000|  0%| F|  |TAMS 0x0000000749100000, 0x0000000749100000| Untracked 
| 146|0x0000000749200000, 0x0000000749200000, 0x0000000749300000|  0%| F|  |TAMS 0x0000000749200000, 0x0000000749200000| Untracked 
| 147|0x0000000749300000, 0x0000000749300000, 0x0000000749400000|  0%| F|  |TAMS 0x0000000749300000, 0x0000000749300000| Untracked 
| 148|0x0000000749400000, 0x0000000749400000, 0x0000000749500000|  0%| F|  |TAMS 0x0000000749400000, 0x0000000749400000| Untracked 
| 149|0x0000000749500000, 0x0000000749500000, 0x0000000749600000|  0%| F|  |TAMS 0x0000000749500000, 0x0000000749500000| Untracked 
| 150|0x0000000749600000, 0x0000000749600000, 0x0000000749700000|  0%| F|  |TAMS 0x0000000749600000, 0x0000000749600000| Untracked 
| 151|0x0000000749700000, 0x0000000749700000, 0x0000000749800000|  0%| F|  |TAMS 0x0000000749700000, 0x0000000749700000| Untracked 
| 152|0x0000000749800000, 0x0000000749800000, 0x0000000749900000|  0%| F|  |TAMS 0x0000000749800000, 0x0000000749800000| Untracked 
| 153|0x0000000749900000, 0x0000000749900000, 0x0000000749a00000|  0%| F|  |TAMS 0x0000000749900000, 0x0000000749900000| Untracked 
| 154|0x0000000749a00000, 0x0000000749a00000, 0x0000000749b00000|  0%| F|  |TAMS 0x0000000749a00000, 0x0000000749a00000| Untracked 
| 155|0x0000000749b00000, 0x0000000749b00000, 0x0000000749c00000|  0%| F|  |TAMS 0x0000000749b00000, 0x0000000749b00000| Untracked 
| 156|0x0000000749c00000, 0x0000000749c00000, 0x0000000749d00000|  0%| F|  |TAMS 0x0000000749c00000, 0x0000000749c00000| Untracked 
| 157|0x0000000749d00000, 0x0000000749d00000, 0x0000000749e00000|  0%| F|  |TAMS 0x0000000749d00000, 0x0000000749d00000| Untracked 
| 158|0x0000000749e00000, 0x0000000749e00000, 0x0000000749f00000|  0%| F|  |TAMS 0x0000000749e00000, 0x0000000749e00000| Untracked 
| 159|0x0000000749f00000, 0x0000000749f00000, 0x000000074a000000|  0%| F|  |TAMS 0x0000000749f00000, 0x0000000749f00000| Untracked 
| 160|0x000000074a000000, 0x000000074a000000, 0x000000074a100000|  0%| F|  |TAMS 0x000000074a000000, 0x000000074a000000| Untracked 
| 161|0x000000074a100000, 0x000000074a100000, 0x000000074a200000|  0%| F|  |TAMS 0x000000074a100000, 0x000000074a100000| Untracked 
| 162|0x000000074a200000, 0x000000074a200000, 0x000000074a300000|  0%| F|  |TAMS 0x000000074a200000, 0x000000074a200000| Untracked 
| 163|0x000000074a300000, 0x000000074a300000, 0x000000074a400000|  0%| F|  |TAMS 0x000000074a300000, 0x000000074a300000| Untracked 
| 164|0x000000074a400000, 0x000000074a400000, 0x000000074a500000|  0%| F|  |TAMS 0x000000074a400000, 0x000000074a400000| Untracked 
| 165|0x000000074a500000, 0x000000074a500000, 0x000000074a600000|  0%| F|  |TAMS 0x000000074a500000, 0x000000074a500000| Untracked 
| 166|0x000000074a600000, 0x000000074a600000, 0x000000074a700000|  0%| F|  |TAMS 0x000000074a600000, 0x000000074a600000| Untracked 
| 167|0x000000074a700000, 0x000000074a700000, 0x000000074a800000|  0%| F|  |TAMS 0x000000074a700000, 0x000000074a700000| Untracked 
| 168|0x000000074a800000, 0x000000074a800000, 0x000000074a900000|  0%| F|  |TAMS 0x000000074a800000, 0x000000074a800000| Untracked 
| 169|0x000000074a900000, 0x000000074a900000, 0x000000074aa00000|  0%| F|  |TAMS 0x000000074a900000, 0x000000074a900000| Untracked 
| 170|0x000000074aa00000, 0x000000074aa00000, 0x000000074ab00000|  0%| F|  |TAMS 0x000000074aa00000, 0x000000074aa00000| Untracked 
| 171|0x000000074ab00000, 0x000000074ab00000, 0x000000074ac00000|  0%| F|  |TAMS 0x000000074ab00000, 0x000000074ab00000| Untracked 
| 172|0x000000074ac00000, 0x000000074ac00000, 0x000000074ad00000|  0%| F|  |TAMS 0x000000074ac00000, 0x000000074ac00000| Untracked 
| 173|0x000000074ad00000, 0x000000074ad00000, 0x000000074ae00000|  0%| F|  |TAMS 0x000000074ad00000, 0x000000074ad00000| Untracked 
| 174|0x000000074ae00000, 0x000000074ae00000, 0x000000074af00000|  0%| F|  |TAMS 0x000000074ae00000, 0x000000074ae00000| Untracked 
| 175|0x000000074af00000, 0x000000074af00000, 0x000000074b000000|  0%| F|  |TAMS 0x000000074af00000, 0x000000074af00000| Untracked 
| 176|0x000000074b000000, 0x000000074b000000, 0x000000074b100000|  0%| F|  |TAMS 0x000000074b000000, 0x000000074b000000| Untracked 
| 177|0x000000074b100000, 0x000000074b100000, 0x000000074b200000|  0%| F|  |TAMS 0x000000074b100000, 0x000000074b100000| Untracked 
| 178|0x000000074b200000, 0x000000074b200000, 0x000000074b300000|  0%| F|  |TAMS 0x000000074b200000, 0x000000074b200000| Untracked 
| 179|0x000000074b300000, 0x000000074b300000, 0x000000074b400000|  0%| F|  |TAMS 0x000000074b300000, 0x000000074b300000| Untracked 
| 180|0x000000074b400000, 0x000000074b400000, 0x000000074b500000|  0%| F|  |TAMS 0x000000074b400000, 0x000000074b400000| Untracked 
| 181|0x000000074b500000, 0x000000074b500000, 0x000000074b600000|  0%| F|  |TAMS 0x000000074b500000, 0x000000074b500000| Untracked 
| 182|0x000000074b600000, 0x000000074b600000, 0x000000074b700000|  0%| F|  |TAMS 0x000000074b600000, 0x000000074b600000| Untracked 
| 183|0x000000074b700000, 0x000000074b700000, 0x000000074b800000|  0%| F|  |TAMS 0x000000074b700000, 0x000000074b700000| Untracked 
| 184|0x000000074b800000, 0x000000074b800000, 0x000000074b900000|  0%| F|  |TAMS 0x000000074b800000, 0x000000074b800000| Untracked 
| 185|0x000000074b900000, 0x000000074b900000, 0x000000074ba00000|  0%| F|  |TAMS 0x000000074b900000, 0x000000074b900000| Untracked 
| 186|0x000000074ba00000, 0x000000074ba00000, 0x000000074bb00000|  0%| F|  |TAMS 0x000000074ba00000, 0x000000074ba00000| Untracked 
| 187|0x000000074bb00000, 0x000000074bb00000, 0x000000074bc00000|  0%| F|  |TAMS 0x000000074bb00000, 0x000000074bb00000| Untracked 
| 188|0x000000074bc00000, 0x000000074bc00000, 0x000000074bd00000|  0%| F|  |TAMS 0x000000074bc00000, 0x000000074bc00000| Untracked 
| 189|0x000000074bd00000, 0x000000074bd00000, 0x000000074be00000|  0%| F|  |TAMS 0x000000074bd00000, 0x000000074bd00000| Untracked 
| 190|0x000000074be00000, 0x000000074be00000, 0x000000074bf00000|  0%| F|  |TAMS 0x000000074be00000, 0x000000074be00000| Untracked 
| 191|0x000000074bf00000, 0x000000074bf00000, 0x000000074c000000|  0%| F|  |TAMS 0x000000074bf00000, 0x000000074bf00000| Untracked 
| 192|0x000000074c000000, 0x000000074c000000, 0x000000074c100000|  0%| F|  |TAMS 0x000000074c000000, 0x000000074c000000| Untracked 
| 193|0x000000074c100000, 0x000000074c100000, 0x000000074c200000|  0%| F|  |TAMS 0x000000074c100000, 0x000000074c100000| Untracked 
| 194|0x000000074c200000, 0x000000074c200000, 0x000000074c300000|  0%| F|  |TAMS 0x000000074c200000, 0x000000074c200000| Untracked 
| 195|0x000000074c300000, 0x000000074c3e5a28, 0x000000074c400000| 89%| S|CS|TAMS 0x000000074c300000, 0x000000074c300000| Complete 
| 196|0x000000074c400000, 0x000000074c400000, 0x000000074c500000|  0%| F|  |TAMS 0x000000074c400000, 0x000000074c400000| Untracked 
| 197|0x000000074c500000, 0x000000074c500000, 0x000000074c600000|  0%| F|  |TAMS 0x000000074c500000, 0x000000074c500000| Untracked 
| 198|0x000000074c600000, 0x000000074c600000, 0x000000074c700000|  0%| F|  |TAMS 0x000000074c600000, 0x000000074c600000| Untracked 
| 199|0x000000074c700000, 0x000000074c700000, 0x000000074c800000|  0%| F|  |TAMS 0x000000074c700000, 0x000000074c700000| Untracked 
| 200|0x000000074c800000, 0x000000074c800000, 0x000000074c900000|  0%| F|  |TAMS 0x000000074c800000, 0x000000074c800000| Untracked 
| 201|0x000000074c900000, 0x000000074c900000, 0x000000074ca00000|  0%| F|  |TAMS 0x000000074c900000, 0x000000074c900000| Untracked 
| 202|0x000000074ca00000, 0x000000074ca00000, 0x000000074cb00000|  0%| F|  |TAMS 0x000000074ca00000, 0x000000074ca00000| Untracked 
| 203|0x000000074cb00000, 0x000000074cb00000, 0x000000074cc00000|  0%| F|  |TAMS 0x000000074cb00000, 0x000000074cb00000| Untracked 
| 204|0x000000074cc00000, 0x000000074cc00000, 0x000000074cd00000|  0%| F|  |TAMS 0x000000074cc00000, 0x000000074cc00000| Untracked 
| 205|0x000000074cd00000, 0x000000074cd00000, 0x000000074ce00000|  0%| F|  |TAMS 0x000000074cd00000, 0x000000074cd00000| Untracked 
| 206|0x000000074ce00000, 0x000000074ce00000, 0x000000074cf00000|  0%| F|  |TAMS 0x000000074ce00000, 0x000000074ce00000| Untracked 
| 207|0x000000074cf00000, 0x000000074cf00000, 0x000000074d000000|  0%| F|  |TAMS 0x000000074cf00000, 0x000000074cf00000| Untracked 
| 208|0x000000074d000000, 0x000000074d000000, 0x000000074d100000|  0%| F|  |TAMS 0x000000074d000000, 0x000000074d000000| Untracked 
| 209|0x000000074d100000, 0x000000074d100000, 0x000000074d200000|  0%| F|  |TAMS 0x000000074d100000, 0x000000074d100000| Untracked 
| 210|0x000000074d200000, 0x000000074d200000, 0x000000074d300000|  0%| F|  |TAMS 0x000000074d200000, 0x000000074d200000| Untracked 
| 211|0x000000074d300000, 0x000000074d300000, 0x000000074d400000|  0%| F|  |TAMS 0x000000074d300000, 0x000000074d300000| Untracked 
| 212|0x000000074d400000, 0x000000074d400000, 0x000000074d500000|  0%| F|  |TAMS 0x000000074d400000, 0x000000074d400000| Untracked 
| 213|0x000000074d500000, 0x000000074d500000, 0x000000074d600000|  0%| F|  |TAMS 0x000000074d500000, 0x000000074d500000| Untracked 
| 214|0x000000074d600000, 0x000000074d600000, 0x000000074d700000|  0%| F|  |TAMS 0x000000074d600000, 0x000000074d600000| Untracked 
| 215|0x000000074d700000, 0x000000074d700000, 0x000000074d800000|  0%| F|  |TAMS 0x000000074d700000, 0x000000074d700000| Untracked 
| 216|0x000000074d800000, 0x000000074d800000, 0x000000074d900000|  0%| F|  |TAMS 0x000000074d800000, 0x000000074d800000| Untracked 
| 217|0x000000074d900000, 0x000000074d900000, 0x000000074da00000|  0%| F|  |TAMS 0x000000074d900000, 0x000000074d900000| Untracked 
| 218|0x000000074da00000, 0x000000074da00000, 0x000000074db00000|  0%| F|  |TAMS 0x000000074da00000, 0x000000074da00000| Untracked 
| 219|0x000000074db00000, 0x000000074db00000, 0x000000074dc00000|  0%| F|  |TAMS 0x000000074db00000, 0x000000074db00000| Untracked 
| 220|0x000000074dc00000, 0x000000074dc00000, 0x000000074dd00000|  0%| F|  |TAMS 0x000000074dc00000, 0x000000074dc00000| Untracked 
| 221|0x000000074dd00000, 0x000000074dd00000, 0x000000074de00000|  0%| F|  |TAMS 0x000000074dd00000, 0x000000074dd00000| Untracked 
| 222|0x000000074de00000, 0x000000074de00000, 0x000000074df00000|  0%| F|  |TAMS 0x000000074de00000, 0x000000074de00000| Untracked 
| 223|0x000000074df00000, 0x000000074df00000, 0x000000074e000000|  0%| F|  |TAMS 0x000000074df00000, 0x000000074df00000| Untracked 
| 224|0x000000074e000000, 0x000000074e000000, 0x000000074e100000|  0%| F|  |TAMS 0x000000074e000000, 0x000000074e000000| Untracked 
| 225|0x000000074e100000, 0x000000074e100000, 0x000000074e200000|  0%| F|  |TAMS 0x000000074e100000, 0x000000074e100000| Untracked 
| 226|0x000000074e200000, 0x000000074e200000, 0x000000074e300000|  0%| F|  |TAMS 0x000000074e200000, 0x000000074e200000| Untracked 
| 227|0x000000074e300000, 0x000000074e300000, 0x000000074e400000|  0%| F|  |TAMS 0x000000074e300000, 0x000000074e300000| Untracked 
| 228|0x000000074e400000, 0x000000074e400000, 0x000000074e500000|  0%| F|  |TAMS 0x000000074e400000, 0x000000074e400000| Untracked 
| 229|0x000000074e500000, 0x000000074e500000, 0x000000074e600000|  0%| F|  |TAMS 0x000000074e500000, 0x000000074e500000| Untracked 
| 230|0x000000074e600000, 0x000000074e600000, 0x000000074e700000|  0%| F|  |TAMS 0x000000074e600000, 0x000000074e600000| Untracked 
| 231|0x000000074e700000, 0x000000074e700000, 0x000000074e800000|  0%| F|  |TAMS 0x000000074e700000, 0x000000074e700000| Untracked 
| 232|0x000000074e800000, 0x000000074e800000, 0x000000074e900000|  0%| F|  |TAMS 0x000000074e800000, 0x000000074e800000| Untracked 
| 233|0x000000074e900000, 0x000000074e900000, 0x000000074ea00000|  0%| F|  |TAMS 0x000000074e900000, 0x000000074e900000| Untracked 
| 234|0x000000074ea00000, 0x000000074ea00000, 0x000000074eb00000|  0%| F|  |TAMS 0x000000074ea00000, 0x000000074ea00000| Untracked 
| 235|0x000000074eb00000, 0x000000074eb00000, 0x000000074ec00000|  0%| F|  |TAMS 0x000000074eb00000, 0x000000074eb00000| Untracked 
| 236|0x000000074ec00000, 0x000000074ec00000, 0x000000074ed00000|  0%| F|  |TAMS 0x000000074ec00000, 0x000000074ec00000| Untracked 
| 237|0x000000074ed00000, 0x000000074ed00000, 0x000000074ee00000|  0%| F|  |TAMS 0x000000074ed00000, 0x000000074ed00000| Untracked 
| 238|0x000000074ee00000, 0x000000074ee00000, 0x000000074ef00000|  0%| F|  |TAMS 0x000000074ee00000, 0x000000074ee00000| Untracked 
| 239|0x000000074ef00000, 0x000000074ef00000, 0x000000074f000000|  0%| F|  |TAMS 0x000000074ef00000, 0x000000074ef00000| Untracked 
| 240|0x000000074f000000, 0x000000074f000000, 0x000000074f100000|  0%| F|  |TAMS 0x000000074f000000, 0x000000074f000000| Untracked 
| 241|0x000000074f100000, 0x000000074f100000, 0x000000074f200000|  0%| F|  |TAMS 0x000000074f100000, 0x000000074f100000| Untracked 
| 242|0x000000074f200000, 0x000000074f200000, 0x000000074f300000|  0%| F|  |TAMS 0x000000074f200000, 0x000000074f200000| Untracked 
| 243|0x000000074f300000, 0x000000074f300000, 0x000000074f400000|  0%| F|  |TAMS 0x000000074f300000, 0x000000074f300000| Untracked 
| 244|0x000000074f400000, 0x000000074f400000, 0x000000074f500000|  0%| F|  |TAMS 0x000000074f400000, 0x000000074f400000| Untracked 
| 245|0x000000074f500000, 0x000000074f500000, 0x000000074f600000|  0%| F|  |TAMS 0x000000074f500000, 0x000000074f500000| Untracked 
| 246|0x000000074f600000, 0x000000074f600000, 0x000000074f700000|  0%| F|  |TAMS 0x000000074f600000, 0x000000074f600000| Untracked 
| 247|0x000000074f700000, 0x000000074f700000, 0x000000074f800000|  0%| F|  |TAMS 0x000000074f700000, 0x000000074f700000| Untracked 
| 248|0x000000074f800000, 0x000000074f800000, 0x000000074f900000|  0%| F|  |TAMS 0x000000074f800000, 0x000000074f800000| Untracked 
| 249|0x000000074f900000, 0x000000074f900b08, 0x000000074fa00000|  0%| O|  |TAMS 0x000000074f900000, 0x000000074f900000| Untracked 
| 250|0x000000074fa00000, 0x000000074fa00000, 0x000000074fb00000|  0%| F|  |TAMS 0x000000074fa00000, 0x000000074fa00000| Untracked 
| 251|0x000000074fb00000, 0x000000074fb00000, 0x000000074fc00000|  0%| F|  |TAMS 0x000000074fb00000, 0x000000074fb00000| Untracked 
| 252|0x000000074fc00000, 0x000000074fc11b18, 0x000000074fd00000|  6%| E|  |TAMS 0x000000074fc00000, 0x000000074fc00000| Complete 
| 253|0x000000074fd00000, 0x000000074fe00000, 0x000000074fe00000|100%| E|CS|TAMS 0x000000074fd00000, 0x000000074fd00000| Complete 
| 254|0x000000074fe00000, 0x000000074ff00000, 0x000000074ff00000|100%| E|CS|TAMS 0x000000074fe00000, 0x000000074fe00000| Complete 
| 255|0x000000074ff00000, 0x0000000750000000, 0x0000000750000000|100%| E|CS|TAMS 0x000000074ff00000, 0x000000074ff00000| Complete 

Card table byte_map: [0x0000019ef24b0000,0x0000019ef2ab0000] _byte_map_base: 0x0000019eeeab0000

Marking Bits (Prev, Next): (CMBitMap*) 0x0000019ec862dde8, (CMBitMap*) 0x0000019ec862de20
 Prev Bits: [0x0000019ef30b0000, 0x0000019ef60b0000)
 Next Bits: [0x0000019ef60b0000, 0x0000019ef90b0000)

Polling page: 0x0000019ea0f20000

Metaspace:

Usage:
  Non-class:     94.89 MB capacity,    93.85 MB ( 99%) used,   800.70 KB ( <1%) free+waste,   268.31 KB ( <1%) overhead. 
      Class:     14.11 MB capacity,    13.35 MB ( 95%) used,   655.80 KB (  5%) free+waste,   120.81 KB ( <1%) overhead. 
       Both:    109.00 MB capacity,   107.20 MB ( 98%) used,     1.42 MB (  1%) free+waste,   389.13 KB ( <1%) overhead. 

Virtual space:
  Non-class space:       98.00 MB reserved,      96.11 MB ( 98%) committed 
      Class space:        1.00 GB reserved,      14.75 MB (  1%) committed 
             Both:        1.10 GB reserved,     110.86 MB ( 10%) committed 

Chunk freelists:
   Non-Class:  1.15 MB
       Class:  654.00 KB
        Both:  1.79 MB

MaxMetaspaceSize: 17179869184.00 GB
CompressedClassSpaceSize: 1.00 GB

CodeHeap 'non-profiled nmethods': size=119168Kb used=21474Kb max_used=22016Kb free=97693Kb
 bounds [0x0000019e87ba0000, 0x0000019e89130000, 0x0000019e8f000000]
CodeHeap 'profiled nmethods': size=119168Kb used=49120Kb max_used=50017Kb free=70048Kb
 bounds [0x0000019e80740000, 0x0000019e83860000, 0x0000019e87ba0000]
CodeHeap 'non-nmethods': size=7424Kb used=1711Kb max_used=3424Kb free=5712Kb
 bounds [0x0000019e80000000, 0x0000019e803b0000, 0x0000019e80740000]
 total_blobs=21182 nmethods=19881 adapters=1204
 compilation: enabled
              stopped_count=0, restarted_count=0
 full_count=0

Compilation events (20 events):
Event: 3755.714 Thread 0x0000019efc852000 24393       3       java.awt.AWTEvent::toString (76 bytes)
Event: 3755.717 Thread 0x0000019efc852000 nmethod 24393 0x0000019e82fe2510 code [0x0000019e82fe2c40, 0x0000019e82fe7798]
Event: 3755.970 Thread 0x0000019efc851000 24394       4       ui.views.cd::b (186 bytes)
Event: 3755.973 Thread 0x0000019efc851000 nmethod 24394 0x0000019e88615f10 code [0x0000019e88616120, 0x0000019e88616500]
Event: 3755.973 Thread 0x0000019efc851000 24395       4       ui.views.cZ::b (194 bytes)
Event: 3755.975 Thread 0x0000019efc851000 nmethod 24395 0x0000019e88373510 code [0x0000019e88373720, 0x0000019e88373a80]
Event: 3756.439 Thread 0x0000019efc852000 24396       3       javax.swing.JTree::getScrollableTracksViewportWidth (34 bytes)
Event: 3756.440 Thread 0x0000019efc852000 nmethod 24396 0x0000019e81775110 code [0x0000019e81775320, 0x0000019e81775b48]
Event: 3756.440 Thread 0x0000019efc852000 24397       3       com.jidesoft.swing.StyledLabel::getMinimumSize (24 bytes)
Event: 3756.440 Thread 0x0000019efc852000 nmethod 24397 0x0000019e8156fd10 code [0x0000019e8156ff00, 0x0000019e815702e8]
Event: 3756.440 Thread 0x0000019efc852000 24398       3       javax.swing.plaf.basic.BasicLabelUI::getMinimumSize (44 bytes)
Event: 3756.441 Thread 0x0000019efc852000 nmethod 24398 0x0000019e815bd910 code [0x0000019e815bdb20, 0x0000019e815be078]
Event: 3756.441 Thread 0x0000019efc852000 24399       3       com.jidesoft.swing.StyledLabel::getMaximumSize (26 bytes)
Event: 3756.441 Thread 0x0000019efc852000 nmethod 24399 0x0000019e81592e90 code [0x0000019e81593080, 0x0000019e81593468]
Event: 3756.441 Thread 0x0000019efc852000 24400       3       javax.swing.plaf.basic.BasicLabelUI::getMaximumSize (44 bytes)
Event: 3756.441 Thread 0x0000019efc852000 nmethod 24400 0x0000019e81666710 code [0x0000019e81666920, 0x0000019e81666e78]
Event: 3756.446 Thread 0x0000019efc851000 24401       4       sun.java2d.SunGraphics2D::setComposite (223 bytes)
Event: 3756.453 Thread 0x0000019efc851000 nmethod 24401 0x0000019e88623c90 code [0x0000019e88623ea0, 0x0000019e886249f8]
Event: 3756.462 Thread 0x0000019efc851000 24402       4       com.jidesoft.plaf.basic.BasicJideButtonUI::paint (350 bytes)
Event: 3756.485 Thread 0x0000019efc851000 nmethod 24402 0x0000019e88639690 code [0x0000019e88639a20, 0x0000019e8863b6d8]

GC Heap History (20 events):
Event: 3662.526 GC heap before
{Heap before GC invocations=381 (full 220):
 garbage-first heap   total 262144K, used 137622K [0x0000000740000000, 0x0000000800000000)
  region size 1024K, 60 young (61440K), 2 survivors (2048K)
 Metaspace       used 109645K, capacity 111479K, committed 113516K, reserved 1148928K
  class space    used 13671K, capacity 14448K, committed 15104K, reserved 1048576K
}
Event: 3662.527 GC heap after
{Heap after GC invocations=382 (full 220):
 garbage-first heap   total 262144K, used 77590K [0x0000000740000000, 0x0000000800000000)
  region size 1024K, 1 young (1024K), 1 survivors (1024K)
 Metaspace       used 109645K, capacity 111479K, committed 113516K, reserved 1148928K
  class space    used 13671K, capacity 14448K, committed 15104K, reserved 1048576K
}
Event: 3666.737 GC heap before
{Heap before GC invocations=382 (full 220):
 garbage-first heap   total 262144K, used 93974K [0x0000000740000000, 0x0000000800000000)
  region size 1024K, 18 young (18432K), 1 survivors (1024K)
 Metaspace       used 109653K, capacity 111479K, committed 113516K, reserved 1148928K
  class space    used 13671K, capacity 14448K, committed 15104K, reserved 1048576K
}
Event: 3666.789 GC heap after
{Heap after GC invocations=383 (full 221):
 garbage-first heap   total 262144K, used 76743K [0x0000000740000000, 0x0000000800000000)
  region size 1024K, 0 young (0K), 0 survivors (0K)
 Metaspace       used 109653K, capacity 111479K, committed 113516K, reserved 1148928K
  class space    used 13671K, capacity 14448K, committed 15104K, reserved 1048576K
}
Event: 3668.565 GC heap before
{Heap before GC invocations=383 (full 221):
 garbage-first heap   total 262144K, used 138183K [0x0000000740000000, 0x0000000800000000)
  region size 1024K, 60 young (61440K), 0 survivors (0K)
 Metaspace       used 109671K, capacity 111491K, committed 113516K, reserved 1148928K
  class space    used 13672K, capacity 14450K, committed 15104K, reserved 1048576K
}
Event: 3668.566 GC heap after
{Heap after GC invocations=384 (full 221):
 garbage-first heap   total 262144K, used 77174K [0x0000000740000000, 0x0000000800000000)
  region size 1024K, 1 young (1024K), 1 survivors (1024K)
 Metaspace       used 109671K, capacity 111491K, committed 113516K, reserved 1148928K
  class space    used 13672K, capacity 14450K, committed 15104K, reserved 1048576K
}
Event: 3744.297 GC heap before
{Heap before GC invocations=384 (full 221):
 garbage-first heap   total 262144K, used 137590K [0x0000000740000000, 0x0000000800000000)
  region size 1024K, 60 young (61440K), 1 survivors (1024K)
 Metaspace       used 109677K, capacity 111491K, committed 113516K, reserved 1148928K
  class space    used 13672K, capacity 14450K, committed 15104K, reserved 1048576K
}
Event: 3744.298 GC heap after
{Heap after GC invocations=385 (full 221):
 garbage-first heap   total 262144K, used 77586K [0x0000000740000000, 0x0000000800000000)
  region size 1024K, 1 young (1024K), 1 survivors (1024K)
 Metaspace       used 109677K, capacity 111491K, committed 113516K, reserved 1148928K
  class space    used 13672K, capacity 14450K, committed 15104K, reserved 1048576K
}
Event: 3746.260 GC heap before
{Heap before GC invocations=385 (full 221):
 garbage-first heap   total 262144K, used 138002K [0x0000000740000000, 0x0000000800000000)
  region size 1024K, 60 young (61440K), 1 survivors (1024K)
 Metaspace       used 109701K, capacity 111491K, committed 113516K, reserved 1148928K
  class space    used 13672K, capacity 14450K, committed 15104K, reserved 1048576K
}
Event: 3746.261 GC heap after
{Heap after GC invocations=386 (full 221):
 garbage-first heap   total 262144K, used 77422K [0x0000000740000000, 0x0000000800000000)
  region size 1024K, 1 young (1024K), 1 survivors (1024K)
 Metaspace       used 109701K, capacity 111491K, committed 113516K, reserved 1148928K
  class space    used 13672K, capacity 14450K, committed 15104K, reserved 1048576K
}
Event: 3746.791 GC heap before
{Heap before GC invocations=386 (full 221):
 garbage-first heap   total 262144K, used 137838K [0x0000000740000000, 0x0000000800000000)
  region size 1024K, 60 young (61440K), 1 survivors (1024K)
 Metaspace       used 109734K, capacity 111556K, committed 113516K, reserved 1148928K
  class space    used 13672K, capacity 14450K, committed 15104K, reserved 1048576K
}
Event: 3746.792 GC heap after
{Heap after GC invocations=387 (full 221):
 garbage-first heap   total 262144K, used 77618K [0x0000000740000000, 0x0000000800000000)
  region size 1024K, 1 young (1024K), 1 survivors (1024K)
 Metaspace       used 109734K, capacity 111556K, committed 113516K, reserved 1148928K
  class space    used 13672K, capacity 14450K, committed 15104K, reserved 1048576K
}
Event: 3748.502 GC heap before
{Heap before GC invocations=387 (full 221):
 garbage-first heap   total 262144K, used 138034K [0x0000000740000000, 0x0000000800000000)
  region size 1024K, 60 young (61440K), 1 survivors (1024K)
 Metaspace       used 109750K, capacity 111556K, committed 113516K, reserved 1148928K
  class space    used 13672K, capacity 14450K, committed 15104K, reserved 1048576K
}
Event: 3748.503 GC heap after
{Heap after GC invocations=388 (full 221):
 garbage-first heap   total 262144K, used 78823K [0x0000000740000000, 0x0000000800000000)
  region size 1024K, 3 young (3072K), 3 survivors (3072K)
 Metaspace       used 109750K, capacity 111556K, committed 113516K, reserved 1148928K
  class space    used 13672K, capacity 14450K, committed 15104K, reserved 1048576K
}
Event: 3753.021 GC heap before
{Heap before GC invocations=388 (full 221):
 garbage-first heap   total 262144K, used 137191K [0x0000000740000000, 0x0000000800000000)
  region size 1024K, 60 young (61440K), 3 survivors (3072K)
 Metaspace       used 109768K, capacity 111620K, committed 113516K, reserved 1148928K
  class space    used 13673K, capacity 14450K, committed 15104K, reserved 1048576K
}
Event: 3753.022 GC heap after
{Heap after GC invocations=389 (full 221):
 garbage-first heap   total 262144K, used 77713K [0x0000000740000000, 0x0000000800000000)
  region size 1024K, 1 young (1024K), 1 survivors (1024K)
 Metaspace       used 109768K, capacity 111620K, committed 113516K, reserved 1148928K
  class space    used 13673K, capacity 14450K, committed 15104K, reserved 1048576K
}
Event: 3755.170 GC heap before
{Heap before GC invocations=389 (full 221):
 garbage-first heap   total 262144K, used 138129K [0x0000000740000000, 0x0000000800000000)
  region size 1024K, 60 young (61440K), 1 survivors (1024K)
 Metaspace       used 109771K, capacity 111620K, committed 113516K, reserved 1148928K
  class space    used 13673K, capacity 14450K, committed 15104K, reserved 1048576K
}
Event: 3755.171 GC heap after
{Heap after GC invocations=390 (full 221):
 garbage-first heap   total 262144K, used 77628K [0x0000000740000000, 0x0000000800000000)
  region size 1024K, 1 young (1024K), 1 survivors (1024K)
 Metaspace       used 109771K, capacity 111620K, committed 113516K, reserved 1148928K
  class space    used 13673K, capacity 14450K, committed 15104K, reserved 1048576K
}
Event: 3757.365 GC heap before
{Heap before GC invocations=390 (full 221):
 garbage-first heap   total 262144K, used 138044K [0x0000000740000000, 0x0000000800000000)
  region size 1024K, 60 young (61440K), 1 survivors (1024K)
 Metaspace       used 109774K, capacity 111620K, committed 113516K, reserved 1148928K
  class space    used 13673K, capacity 14450K, committed 15104K, reserved 1048576K
}
Event: 3757.366 GC heap after
{Heap after GC invocations=391 (full 221):
 garbage-first heap   total 262144K, used 77661K [0x0000000740000000, 0x0000000800000000)
  region size 1024K, 1 young (1024K), 1 survivors (1024K)
 Metaspace       used 109774K, capacity 111620K, committed 113516K, reserved 1148928K
  class space    used 13673K, capacity 14450K, committed 15104K, reserved 1048576K
}

Deoptimization events (20 events):
Event: 3753.728 Thread 0x0000019ec888b000 Uncommon trap: trap_request=0xffffffc6 fr.pc=0x0000019e88fda214 relative=0x00000000000000d4
Event: 3753.728 Thread 0x0000019ec888b000 Uncommon trap: reason=bimorphic_or_optimized_type_check action=maybe_recompile pc=0x0000019e88fda214 method=ui.frmwork.cmd.a.gXH()Z @ 14 c2
Event: 3753.728 Thread 0x0000019ec888b000 DEOPT PACKING pc=0x0000019e88fda214 sp=0x000000318e7fcca0
Event: 3753.728 Thread 0x0000019ec888b000 DEOPT UNPACKING pc=0x0000019e800268af sp=0x000000318e7fcc40 mode 2
Event: 3753.752 Thread 0x0000019ec888b000 Uncommon trap: trap_request=0xffffffc6 fr.pc=0x0000019e88fb0260 relative=0x0000000000003280
Event: 3753.752 Thread 0x0000019ec888b000 Uncommon trap: reason=bimorphic_or_optimized_type_check action=maybe_recompile pc=0x0000019e88fb0260 method=com.jidesoft.swing.JideSwingUtilities.getButtonState(Ljavax/swing/AbstractButton;)I @ 15 c2
Event: 3753.752 Thread 0x0000019ec888b000 DEOPT PACKING pc=0x0000019e88fb0260 sp=0x000000318e7fa140
Event: 3753.752 Thread 0x0000019ec888b000 DEOPT UNPACKING pc=0x0000019e800268af sp=0x000000318e7fa038 mode 2
Event: 3755.628 Thread 0x0000019ec888b000 Uncommon trap: trap_request=0xffffffc6 fr.pc=0x0000019e88fb0260 relative=0x0000000000003280
Event: 3755.628 Thread 0x0000019ec888b000 Uncommon trap: reason=bimorphic_or_optimized_type_check action=maybe_recompile pc=0x0000019e88fb0260 method=com.jidesoft.swing.JideSwingUtilities.getButtonState(Ljavax/swing/AbstractButton;)I @ 15 c2
Event: 3755.628 Thread 0x0000019ec888b000 DEOPT PACKING pc=0x0000019e88fb0260 sp=0x000000318e7f9af0
Event: 3755.628 Thread 0x0000019ec888b000 DEOPT UNPACKING pc=0x0000019e800268af sp=0x000000318e7f99e8 mode 2
Event: 3755.720 Thread 0x0000019ec888b000 Uncommon trap: trap_request=0xffffffc6 fr.pc=0x0000019e88fb0260 relative=0x0000000000003280
Event: 3755.720 Thread 0x0000019ec888b000 Uncommon trap: reason=bimorphic_or_optimized_type_check action=maybe_recompile pc=0x0000019e88fb0260 method=com.jidesoft.swing.JideSwingUtilities.getButtonState(Ljavax/swing/AbstractButton;)I @ 15 c2
Event: 3755.720 Thread 0x0000019ec888b000 DEOPT PACKING pc=0x0000019e88fb0260 sp=0x000000318e7f9af0
Event: 3755.720 Thread 0x0000019ec888b000 DEOPT UNPACKING pc=0x0000019e800268af sp=0x000000318e7f99e8 mode 2
Event: 3756.445 Thread 0x0000019ec888b000 Uncommon trap: trap_request=0xffffffc6 fr.pc=0x0000019e88fb0260 relative=0x0000000000003280
Event: 3756.445 Thread 0x0000019ec888b000 Uncommon trap: reason=bimorphic_or_optimized_type_check action=maybe_recompile pc=0x0000019e88fb0260 method=com.jidesoft.swing.JideSwingUtilities.getButtonState(Ljavax/swing/AbstractButton;)I @ 15 c2
Event: 3756.445 Thread 0x0000019ec888b000 DEOPT PACKING pc=0x0000019e88fb0260 sp=0x000000318e7fa140
Event: 3756.445 Thread 0x0000019ec888b000 DEOPT UNPACKING pc=0x0000019e800268af sp=0x000000318e7fa038 mode 2

Classes redefined (0 events):
No events

Internal exceptions (20 events):
Event: 3426.576 Thread 0x0000019ec2f41000 Exception <a 'java/lang/reflect/InvocationTargetException'{0x000000074ce9a7b8}> (0x000000074ce9a7b8) thrown at [./src/hotspot/share/runtime/reflection.cpp, line 1247]
Event: 3426.615 Thread 0x0000019ec2f41000 Exception <a 'java/lang/reflect/InvocationTargetException'{0x000000074cd85390}> (0x000000074cd85390) thrown at [./src/hotspot/share/runtime/reflection.cpp, line 1247]
Event: 3449.917 Thread 0x0000019ec2f41000 Exception <a 'java/lang/reflect/InvocationTargetException'{0x000000074df15e90}> (0x000000074df15e90) thrown at [./src/hotspot/share/runtime/reflection.cpp, line 1247]
Event: 3449.918 Thread 0x0000019ec2f41000 Exception <a 'java/lang/reflect/InvocationTargetException'{0x000000074df2bb50}> (0x000000074df2bb50) thrown at [./src/hotspot/share/runtime/reflection.cpp, line 1247]
Event: 3449.918 Thread 0x0000019ec2f41000 Exception <a 'java/lang/reflect/InvocationTargetException'{0x000000074df2f200}> (0x000000074df2f200) thrown at [./src/hotspot/share/runtime/reflection.cpp, line 1247]
Event: 3511.967 Thread 0x0000019ec888b000 Implicit null exception at 0x0000019e888d7598 to 0x0000019e888d7d9c
Event: 3533.315 Thread 0x0000019ec2f41000 Exception <a 'java/lang/reflect/InvocationTargetException'{0x000000074e282ab0}> (0x000000074e282ab0) thrown at [./src/hotspot/share/runtime/reflection.cpp, line 1247]
Event: 3533.316 Thread 0x0000019ec2f41000 Exception <a 'java/lang/reflect/InvocationTargetException'{0x000000074e297f40}> (0x000000074e297f40) thrown at [./src/hotspot/share/runtime/reflection.cpp, line 1247]
Event: 3533.368 Thread 0x0000019ec2f41000 Exception <a 'java/lang/reflect/InvocationTargetException'{0x000000074df86a00}> (0x000000074df86a00) thrown at [./src/hotspot/share/runtime/reflection.cpp, line 1247]
Event: 3536.446 Thread 0x0000019ec2f42000 Exception <a 'java/lang/InterruptedException'{0x000000074f9869b8}: sleep interrupted> (0x000000074f9869b8) thrown at [./src/hotspot/share/prims/jvm.cpp, line 3099]
Event: 3547.736 Thread 0x0000019ec2f41000 Exception <a 'java/lang/reflect/InvocationTargetException'{0x000000074f62b588}> (0x000000074f62b588) thrown at [./src/hotspot/share/runtime/reflection.cpp, line 1247]
Event: 3547.736 Thread 0x0000019ec2f41000 Exception <a 'java/lang/reflect/InvocationTargetException'{0x000000074f641248}> (0x000000074f641248) thrown at [./src/hotspot/share/runtime/reflection.cpp, line 1247]
Event: 3547.737 Thread 0x0000019ec2f41000 Exception <a 'java/lang/reflect/InvocationTargetException'{0x000000074f6448f8}> (0x000000074f6448f8) thrown at [./src/hotspot/share/runtime/reflection.cpp, line 1247]
Event: 3655.956 Thread 0x0000019ec2f41000 Exception <a 'java/lang/reflect/InvocationTargetException'{0x000000074e394f18}> (0x000000074e394f18) thrown at [./src/hotspot/share/runtime/reflection.cpp, line 1247]
Event: 3655.957 Thread 0x0000019ec2f41000 Exception <a 'java/lang/reflect/InvocationTargetException'{0x000000074e3aa3a8}> (0x000000074e3aa3a8) thrown at [./src/hotspot/share/runtime/reflection.cpp, line 1247]
Event: 3655.999 Thread 0x0000019ec2f41000 Exception <a 'java/lang/reflect/InvocationTargetException'{0x000000074e10a480}> (0x000000074e10a480) thrown at [./src/hotspot/share/runtime/reflection.cpp, line 1247]
Event: 3667.331 Thread 0x0000019ec2f41000 Exception <a 'java/lang/reflect/InvocationTargetException'{0x000000074f798800}> (0x000000074f798800) thrown at [./src/hotspot/share/runtime/reflection.cpp, line 1247]
Event: 3668.486 Thread 0x0000019ec2f43800 Exception <a 'java/lang/InterruptedException'{0x000000074f7d6ff0}: sleep interrupted> (0x000000074f7d6ff0) thrown at [./src/hotspot/share/prims/jvm.cpp, line 3099]
Event: 3746.926 Thread 0x0000019ec2f41000 Exception <a 'java/lang/reflect/InvocationTargetException'{0x000000074f383c30}> (0x000000074f383c30) thrown at [./src/hotspot/share/runtime/reflection.cpp, line 1247]
Event: 3748.524 Thread 0x0000019ec2f3c000 Exception <a 'java/lang/InterruptedException'{0x000000074fd96980}: sleep interrupted> (0x000000074fd96980) thrown at [./src/hotspot/share/prims/jvm.cpp, line 3099]

Events (20 events):
Event: 3753.022 Executing VM operation: G1CollectForAllocation done
Event: 3753.494 Thread 0x0000019ec2f45000 Thread added: 0x0000019ec2f45000
Event: 3753.497 Thread 0x0000019ec2f45000 Thread exited: 0x0000019ec2f45000
Event: 3753.524 Thread 0x0000019ec2f3c000 Thread exited: 0x0000019ec2f3c000
Event: 3754.495 Thread 0x0000019ec2f3f800 Thread added: 0x0000019ec2f3f800
Event: 3754.497 Thread 0x0000019ec2f3f800 Thread exited: 0x0000019ec2f3f800
Event: 3755.010 Thread 0x0000019ec2f3f800 Thread added: 0x0000019ec2f3f800
Event: 3755.013 Executing VM operation: RevokeBias
Event: 3755.013 Executing VM operation: RevokeBias done
Event: 3755.013 Thread 0x0000019ec2f3f800 Thread exited: 0x0000019ec2f3f800
Event: 3755.170 Executing VM operation: G1CollectForAllocation
Event: 3755.171 Executing VM operation: G1CollectForAllocation done
Event: 3755.495 Thread 0x0000019ec2f42000 Thread added: 0x0000019ec2f42000
Event: 3755.498 Thread 0x0000019ec2f42000 Thread exited: 0x0000019ec2f42000
Event: 3756.496 Thread 0x0000019ec2f3c000 Thread added: 0x0000019ec2f3c000
Event: 3756.499 Thread 0x0000019ec2f3c000 Thread exited: 0x0000019ec2f3c000
Event: 3757.365 Executing VM operation: G1CollectForAllocation
Event: 3757.366 Executing VM operation: G1CollectForAllocation done
Event: 3757.436 Executing VM operation: BulkRevokeBias
Event: 3757.437 Executing VM operation: BulkRevokeBias done


Dynamic libraries:
0x00007ff716990000 - 0x00007ff7169c1000 	D:\Vivado\Vivado\2022.1\bin\unwrapped\win64.o\vivado.exe
0x00007ff80ba10000 - 0x00007ff80bc08000 	C:\Windows\SYSTEM32\ntdll.dll
0x00007ff80ac30000 - 0x00007ff80aced000 	C:\Windows\System32\KERNEL32.DLL
0x00007ff809500000 - 0x00007ff8097ce000 	C:\Windows\System32\KERNELBASE.dll
0x00007ff809860000 - 0x00007ff809960000 	C:\Windows\System32\ucrtbase.dll
0x00007fffeec80000 - 0x00007fffeed0e000 	C:\Windows\SYSTEM32\MSVCP140.dll
0x00007fffed360000 - 0x00007fffed37b000 	C:\Windows\SYSTEM32\VCRUNTIME140.dll
0x00007fffff620000 - 0x00007fffff638000 	D:\Vivado\Vivado\2022.1\lib\win64.o\librdi_commonmain.dll
0x00007fffeca60000 - 0x00007fffeca6c000 	C:\Windows\SYSTEM32\VCRUNTIME140_1.dll
0x00007fff80c70000 - 0x00007fff81ffc000 	D:\Vivado\Vivado\2022.1\lib\win64.o\librdi_common.dll
0x00007ff80a730000 - 0x00007ff80a8d0000 	C:\Windows\System32\USER32.dll
0x00007ffffba00000 - 0x00007ffffba21000 	D:\Vivado\Vivado\2022.1\lib\win64.o\libboost_filesystem.dll
0x00007ff8094d0000 - 0x00007ff8094f2000 	C:\Windows\System32\win32u.dll
0x00007ffffe5b0000 - 0x00007ffffe5b9000 	D:\Vivado\Vivado\2022.1\lib\win64.o\librdi_commonversion.dll
0x00007ff80b410000 - 0x00007ff80b4be000 	C:\Windows\System32\ADVAPI32.dll
0x00007ff80b7f0000 - 0x00007ff80b81a000 	C:\Windows\System32\GDI32.dll
0x00007ff80b160000 - 0x00007ff80b1fe000 	C:\Windows\System32\msvcrt.dll
0x00007fffbc520000 - 0x00007fffbc6d5000 	D:\Vivado\Vivado\2022.1\lib\win64.o\librdi_commonxillic.dll
0x00007ff809960000 - 0x00007ff809a6b000 	C:\Windows\System32\gdi32full.dll
0x00007ff80b6e0000 - 0x00007ff80b77c000 	C:\Windows\System32\sechost.dll
0x00007ff80b780000 - 0x00007ff80b7eb000 	C:\Windows\System32\WS2_32.dll
0x000000006c4c0000 - 0x000000006c5eb000 	D:\Vivado\Vivado\2022.1\lib\win64.o\tcl85t.dll
0x00007ff809430000 - 0x00007ff8094cd000 	C:\Windows\System32\msvcp_win.dll
0x00007ff80b2e0000 - 0x00007ff80b405000 	C:\Windows\System32\RPCRT4.dll
0x00007ff809180000 - 0x00007ff8091a7000 	C:\Windows\System32\bcrypt.dll
0x00007ff809c10000 - 0x00007ff80a354000 	C:\Windows\System32\SHELL32.dll
0x00007fffb4c50000 - 0x00007fffb4fbe000 	D:\Vivado\Vivado\2022.1\lib\win64.o\libCOIN-all.dll
0x00007ffffb960000 - 0x00007ffffb971000 	D:\Vivado\Vivado\2022.1\lib\win64.o\libboost_date_time.dll
0x00007fffbae80000 - 0x00007fffbaef9000 	D:\Vivado\Vivado\2022.1\lib\win64.o\libboost_program_options.dll
0x00007ffffb890000 - 0x00007ffffb8ac000 	D:\Vivado\Vivado\2022.1\lib\win64.o\libboost_thread.dll
0x00007fffbad60000 - 0x00007fffbae74000 	D:\Vivado\Vivado\2022.1\lib\win64.o\libboost_regex.dll
0x00007ffffb910000 - 0x00007ffffb91c000 	D:\Vivado\Vivado\2022.1\lib\win64.o\libboost_xilinx.dll
0x00007fffbacd0000 - 0x00007fffbad52000 	D:\Vivado\Vivado\2022.1\lib\win64.o\libhdlpsolve.dll
0x00007fffbac20000 - 0x00007fffbacc5000 	D:\Vivado\Vivado\2022.1\lib\win64.o\libhdxml.dll
0x00007fffeddc0000 - 0x00007fffeddea000 	D:\Vivado\Vivado\2022.1\lib\win64.o\libisl_sysinfo.dll
0x00007fffbc4b0000 - 0x00007fffbc515000 	D:\Vivado\Vivado\2022.1\lib\win64.o\liblmx6.0.dll
0x00007fff7fe20000 - 0x00007fff80c65000 	D:\Vivado\Vivado\2022.1\lib\win64.o\libisl_iostreams.dll
0x00007ffffb870000 - 0x00007ffffb88a000 	D:\Vivado\Vivado\2022.1\lib\win64.o\pthreadVC2.dll
0x00007ffffb550000 - 0x00007ffffb56c000 	D:\Vivado\Vivado\2022.1\lib\win64.o\librdiconfig.dll
0x00007fffecef0000 - 0x00007fffecf11000 	D:\Vivado\Vivado\2022.1\lib\win64.o\librdizlib.dll
0x00007ff80a360000 - 0x00007ff80a3b5000 	C:\Windows\System32\SHLWAPI.dll
0x00007fffb4980000 - 0x00007fffb4c41000 	D:\Vivado\Vivado\2022.1\lib\win64.o\xerces-c_3_2.dll
0x00007fffb4660000 - 0x00007fffb4976000 	D:\Vivado\Vivado\2022.1\lib\win64.o\libXil_lmgr11.dll
0x00007ff809a70000 - 0x00007ff809b4a000 	C:\Windows\System32\COMDLG32.dll
0x00007ff80a8d0000 - 0x00007ff80ac24000 	C:\Windows\System32\combase.dll
0x00007ffffc460000 - 0x00007ffffc47a000 	C:\Windows\SYSTEM32\NETAPI32.dll
0x00007ff80b4c0000 - 0x00007ff80b56d000 	C:\Windows\System32\shcore.dll
0x00007ffff2990000 - 0x00007ffff2e66000 	C:\Windows\SYSTEM32\WININET.dll
0x00007ff802400000 - 0x00007ff80250a000 	C:\Windows\SYSTEM32\WINHTTP.dll
0x00007ffffb350000 - 0x00007ffffb53c000 	C:\Windows\SYSTEM32\urlmon.dll
0x00007ff80b610000 - 0x00007ff80b6dd000 	C:\Windows\System32\OLEAUT32.dll
0x00007ff80a600000 - 0x00007ff80a72a000 	C:\Windows\System32\ole32.dll
0x00007ff802520000 - 0x00007ff802529000 	C:\Windows\SYSTEM32\WSOCK32.dll
0x00007ff8091b0000 - 0x00007ff809218000 	C:\Windows\System32\WINTRUST.dll
0x00007fffdbf30000 - 0x00007fffdbf61000 	C:\Windows\SYSTEM32\VCOMP140.DLL
0x00007ff809220000 - 0x00007ff809376000 	C:\Windows\System32\CRYPT32.dll
0x00007fff7df00000 - 0x00007fff7fe17000 	D:\Vivado\Vivado\2022.1\lib\win64.o\gurobi90.dll
0x00007fffedfa0000 - 0x00007fffedfb8000 	D:\Vivado\Vivado\2022.1\lib\win64.o\libboost_iostreams.dll
0x00007fffecdc0000 - 0x00007fffecde4000 	D:\Vivado\Vivado\2022.1\lib\win64.o\libisl_iosutils.dll
0x00007ff80a3f0000 - 0x00007ff80a446000 	C:\Windows\System32\WLDAP32.dll
0x00007ff809c00000 - 0x00007ff809c08000 	C:\Windows\System32\Normaliz.dll
0x00007ffff40a0000 - 0x00007ffff4150000 	C:\Windows\WinSxS\amd64_microsoft.windows.common-controls_6595b64144ccf1df_5.82.19041.1110_none_792d1c772443f647\COMCTL32.dll
0x00007ffffd860000 - 0x00007ffffd888000 	C:\Windows\SYSTEM32\srvcli.dll
0x00007ffffb070000 - 0x00007ffffb321000 	C:\Windows\SYSTEM32\iertutil.dll
0x00007ff808630000 - 0x00007ff80863c000 	C:\Windows\SYSTEM32\netutils.dll
0x00007ff800bb0000 - 0x00007ff800bcd000 	C:\Windows\SYSTEM32\dhcpcsvc.DLL
0x00007ff809030000 - 0x00007ff80905e000 	C:\Windows\SYSTEM32\USERENV.dll
0x00007ff8087c0000 - 0x00007ff80882a000 	C:\Windows\SYSTEM32\MSWSOCK.DLL
0x00007ff80a3c0000 - 0x00007ff80a3f0000 	C:\Windows\System32\IMM32.DLL
0x00007ff808cb0000 - 0x00007ff808cc2000 	C:\Windows\SYSTEM32\MSASN1.dll
0x00007ff807010000 - 0x00007ff807022000 	C:\Windows\SYSTEM32\kernel.appcore.dll
0x00007fff8bf10000 - 0x00007fff8c442000 	D:\Vivado\Vivado\2022.1\lib\win64.o\librdi_commontasks.dll
0x00007fffff540000 - 0x00007fffff54a000 	C:\Windows\SYSTEM32\VERSION.dll
0x00007fff7d3b0000 - 0x00007fff7defd000 	D:\Vivado\Vivado\2022.1\tps\win64\jre11.0.11_9\bin\server\jvm.dll
0x00007fff94970000 - 0x00007fff94c95c00 	D:\Vivado\Vivado\2022.1\lib\win64.o\librdi_sio.dll
0x00007ff80b880000 - 0x00007ff80b888000 	C:\Windows\System32\PSAPI.DLL
0x00007ffffe580000 - 0x00007ffffe5a7000 	C:\Windows\SYSTEM32\WINMM.dll
0x00007ff8084d0000 - 0x00007ff80850b000 	C:\Windows\SYSTEM32\IPHLPAPI.DLL
0x00007ff808ff0000 - 0x00007ff809022000 	C:\Windows\SYSTEM32\SspiCli.dll
0x00007ffffafd0000 - 0x00007ffffafe7000 	C:\Windows\system32\napinsp.dll
0x00007ffff3450000 - 0x00007ffff346b000 	C:\Windows\system32\pnrpnsp.dll
0x00007ff803870000 - 0x00007ff803885000 	C:\Windows\system32\wshbth.dll
0x00007ff804b50000 - 0x00007ff804b6d000 	C:\Windows\system32\NLAapi.dll
0x00007ff808510000 - 0x00007ff8085da000 	C:\Windows\SYSTEM32\DNSAPI.dll
0x00007ff80b600000 - 0x00007ff80b608000 	C:\Windows\System32\NSI.dll
0x00007ffff33f0000 - 0x00007ffff3402000 	C:\Windows\System32\winrnr.dll
0x000000006c5f0000 - 0x000000006c616000 	C:\Program Files\Bonjour\mdnsNSP.dll
0x00007ff807210000 - 0x00007ff8079a4000 	C:\Windows\SYSTEM32\windows.storage.dll
0x00007ff8089e0000 - 0x00007ff808a10000 	C:\Windows\SYSTEM32\Wldp.dll
0x00007fff73630000 - 0x00007fff76277000 	D:\Vivado\Vivado\2022.1\lib\win64.o\librdi_tcltasks.dll
0x00007fffecd30000 - 0x00007fffecd74000 	D:\Vivado\Vivado\2022.1\lib\win64.o\libboost_serialization.dll
0x00007fffba610000 - 0x00007fffba690000 	D:\Vivado\Vivado\2022.1\lib\win64.o\librdi_boarddep.dll
0x00007fffb55a0000 - 0x00007fffb5761000 	D:\Vivado\Vivado\2022.1\lib\win64.o\librdi_board.dll
0x00007fff8ba40000 - 0x00007fff8bf0f000 	D:\Vivado\Vivado\2022.1\lib\win64.o\librdi_bitstream.dll
0x00007fffb5920000 - 0x00007fffb5a46000 	D:\Vivado\Vivado\2022.1\lib\win64.o\librdi_chipscope.dll
0x00007fff94440000 - 0x00007fff945a5000 	D:\Vivado\Vivado\2022.1\lib\win64.o\librdi_containers.dll
0x00007fffb4460000 - 0x00007fffb4656000 	D:\Vivado\Vivado\2022.1\lib\win64.o\librdi_chipscopeimpl.dll
0x00007fff76530000 - 0x00007fff785cd000 	D:\Vivado\Vivado\2022.1\lib\win64.o\librdi_constraints.dll
0x00007fff7cc80000 - 0x00007fff7d3a5000 	D:\Vivado\Vivado\2022.1\lib\win64.o\librdi_coregenipxact.dll
0x00007fff6f9e0000 - 0x00007fff71f7f000 	D:\Vivado\Vivado\2022.1\lib\win64.o\librdi_coregen.dll
0x00007fff6d9f0000 - 0x00007fff6f9da000 	D:\Vivado\Vivado\2022.1\lib\win64.o\librdi_designutils.dll
0x00007fff8b5c0000 - 0x00007fff8b93c000 	D:\Vivado\Vivado\2022.1\lib\win64.o\librdi_dlyest.dll
0x00007fff7c5c0000 - 0x00007fff7cc7b000 	D:\Vivado\Vivado\2022.1\lib\win64.o\librdi_drc.dll
0x00007fffb50c0000 - 0x00007fffb5174000 	D:\Vivado\Vivado\2022.1\lib\win64.o\librdi_dsp.dll
0x00007fff7bf30000 - 0x00007fff7c5bf000 	D:\Vivado\Vivado\2022.1\lib\win64.o\librdi_filemgmt.dll
0x00007fff89db0000 - 0x00007fff8a0d6000 	D:\Vivado\Vivado\2022.1\lib\win64.o\librdi_guitools.dll
0x00007fffba3d0000 - 0x00007fffba439000 	D:\Vivado\Vivado\2022.1\lib\win64.o\librdi_hdf.dll
0x00007fff896e0000 - 0x00007fff89997000 	D:\Vivado\Vivado\2022.1\lib\win64.o\librdi_hip_devdesign.dll
0x00007fffa1490000 - 0x00007fffa15d8000 	D:\Vivado\Vivado\2022.1\lib\win64.o\librdi_hip_perf_analysis.dll
0x00007fff78cb0000 - 0x00007fff79b18000 	D:\Vivado\Vivado\2022.1\lib\win64.o\librdi_implflow.dll
0x00007fff4c900000 - 0x00007fff4d4a3000 	D:\Vivado\Vivado\2022.1\lib\win64.o\librdi_ippcw.dll
0x00007fff72f00000 - 0x00007fff73630000 	D:\Vivado\Vivado\2022.1\lib\win64.o\librdi_lopt.dll
0x00007fff723d0000 - 0x00007fff72a21000 	D:\Vivado\Vivado\2022.1\lib\win64.o\librdi_memdata.dll
0x00007fffb61d0000 - 0x00007fffb6244000 	D:\Vivado\Vivado\2022.1\lib\win64.o\librdi_memoryarray.dll
0x00007fff4a250000 - 0x00007fff4c8f3000 	D:\Vivado\Vivado\2022.1\lib\win64.o\librdi_mig.dll
0x00007fff49af0000 - 0x00007fff4a24f000 	D:\Vivado\Vivado\2022.1\lib\win64.o\librdi_netlist.dll
0x00007fffbabc0000 - 0x00007fffbac17000 	D:\Vivado\Vivado\2022.1\lib\win64.o\librdi_pfi.dll
0x00007fff78880000 - 0x00007fff78ca7000 	D:\Vivado\Vivado\2022.1\lib\win64.o\librdi_platform.dll
0x00007fff462b0000 - 0x00007fff46b6f000 	D:\Vivado\Vivado\2022.1\lib\win64.o\librdi_power.dll
0x00007fff46b70000 - 0x00007fff49ae9000 	D:\Vivado\Vivado\2022.1\lib\win64.o\librdi_place.dll
0x00007fff45b60000 - 0x00007fff462aa000 	D:\Vivado\Vivado\2022.1\lib\win64.o\librdi_project.dll
0x00007fff4d4b0000 - 0x00007fff6d9e3000 	D:\Vivado\Vivado\2022.1\lib\win64.o\librdi_device.dll
0x00007fff45420000 - 0x00007fff45b54000 	D:\Vivado\Vivado\2022.1\lib\win64.o\librdi_psta.dll
0x00007fff44b20000 - 0x00007fff45419000 	D:\Vivado\Vivado\2022.1\lib\win64.o\librdi_rsb.dll
0x00007fffb0cc0000 - 0x00007fffb0dd9000 	D:\Vivado\Vivado\2022.1\lib\win64.o\librdi_runsbase.dll
0x00007fffb6130000 - 0x00007fffb6187000 	D:\Vivado\Vivado\2022.1\lib\win64.o\librdi_schedmon.dll
0x00007fff445c0000 - 0x00007fff44b1c000 	D:\Vivado\Vivado\2022.1\lib\win64.o\librdi_runs.dll
0x00007fff7bcb0000 - 0x00007fff7bf2b000 	D:\Vivado\Vivado\2022.1\lib\win64.o\librdi_simdata.dll

dbghelp: loaded successfully - version: 4.0.5 - missing functions: none
symbol engine: initialized successfully - sym options: 0x614 - pdb path: .;D:\Vivado\Vivado\2022.1\bin\unwrapped\win64.o;C:\Windows\SYSTEM32;D:\Vivado\Vivado\2022.1\lib\win64.o;C:\Windows\WinSxS\amd64_microsoft.windows.common-controls_6595b64144ccf1df_5.82.19041.1110_none_792d1c772443f647;D:\Vivado\Vivado\2022.1\tps\win64\jre11.0.11_9\bin\server;C:\Program Files\Bonjour;D:\Vivado\Vivado\2022.1\tps\win64\python-3.8.3;D:\Vivado\Vivado\2022.1\tps\win64\jre11.0.11_9\bin;C:\Windows\WinSxS\amd64_microsoft.windows.common-controls_6595b64144ccf1df_6.0.19041.1110_none_60b5254171f9507e

VM Arguments:
jvm_args: -Dsun.java2d.pmoffscreen=false -Dhttps.protocols=TLSv1,TLSv1.1,TLSv1.2 -Dsun.java2d.xrender=false -Dsun.java2d.d3d=false -Dsun.awt.nopixfmt=true -Dsun.java2d.dpiaware=true -Dsun.java2d.uiScale.enabled=false -Xverify:none -Dswing.aatext=true -XX:-UsePerfData -Djdk.map.althashing.threshold=512 -XX:StringTableSize=4072 --add-opens=java.desktop/com.sun.awt=ALL-UNNAMED --add-opens=java.desktop/javax.swing.plaf.synth=ALL-UNNAMED --add-opens=java.base/java.nio=ALL-UNNAMED --add-opens=java.desktop/sun.swing=ALL-UNNAMED --add-opens=java.desktop/javax.swing=ALL-UNNAMED --add-opens=java.desktop/javax.swing.tree=ALL-UNNAMED --add-opens=java.desktop/javax.swing.plaf.basic=ALL-UNNAMED --add-opens=java.desktop/javax.swing.plaf.synth=ALL-UNNAMED --add-opens=java.desktop/javax.swing.plaf.basic=ALL-UNNAMED --add-opens=java.desktop/javax.swing=ALL-UNNAMED --add-opens=java.desktop/javax.swing.tree=ALL-UNNAMED --add-opens=java.desktop/java.awt.event=ALL-UNNAMED --add-exports=java.desktop/javax.swing.plaf.synth=ALL-UNNAMED --add-exports=java.base/java.nio=ALL-UNNAMED --add-exports=java.desktop/sun.swing=ALL-UNNAMED --add-exports=java.desktop/javax.swing=ALL-UNNAMED --add-exports=java.desktop/javax.swing.tree=ALL-UNNAMED --add-exports=java.desktop/javax.swing.plaf.basic=ALL-UNNAMED --add-exports=java.desktop/sun.swing=ALL-UNNAMED --add-exports=java.desktop/sun.swing.table=ALL-UNNAMED --add-exports=java.desktop/sun.swing.plaf.synth=ALL-UNNAMED --add-exports=java.desktop/sun.awt.shell=ALL-UNNAMED --add-exports=java.base/sun.security.action=ALL-UNNAMED --add-exports=java.desktop/sun.font=ALL-UNNAMED -XX:NewSize=60m -XX:MaxNewSize=60m -Xms256m -Xmx3072m -Xss5m 
java_command: <unknown>
java_class_path (initial): D:/Vivado/Vivado/2022.1\lib\classes\alloy.jar;D:/Vivado/Vivado/2022.1\lib\classes\autoesl-models.jar;D:/Vivado/Vivado/2022.1\lib\classes\batik-anim.jar;D:/Vivado/Vivado/2022.1\lib\classes\batik-awt-util.jar;D:/Vivado/Vivado/2022.1\lib\classes\batik-bridge.jar;D:/Vivado/Vivado/2022.1\lib\classes\batik-codec.jar;D:/Vivado/Vivado/2022.1\lib\classes\batik-css.jar;D:/Vivado/Vivado/2022.1\lib\classes\batik-dom.jar;D:/Vivado/Vivado/2022.1\lib\classes\batik-ext.jar;D:/Vivado/Vivado/2022.1\lib\classes\batik-gui-util.jar;D:/Vivado/Vivado/2022.1\lib\classes\batik-gvt.jar;D:/Vivado/Vivado/2022.1\lib\classes\batik-parser.jar;D:/Vivado/Vivado/2022.1\lib\classes\batik-script.jar;D:/Vivado/Vivado/2022.1\lib\classes\batik-svg-dom.jar;D:/Vivado/Vivado/2022.1\lib\classes\batik-svggen.jar;D:/Vivado/Vivado/2022.1\lib\classes\batik-swing.jar;D:/Vivado/Vivado/2022.1\lib\classes\batik-transcoder.jar;D:/Vivado/Vivado/2022.1\lib\classes\batik-util.jar;D:/Vivado/Vivado/2022.1\lib\classes\batik-xml.jar;D:/Vivado/Vivado/2022.1\lib\classes\com.fasterxml.jackson.core.jackson-annotations_2.12.1.v20210128-1726.jar;D:/Vivado/Vivado/2022.1\lib\classes\com.fasterxml.jackson.core.jackson-core_2.12.1.v20210128-1726.jar;D:/Vivado/Vivado/2022.1\lib\classes\com.fasterxml.jackson.core.jackson-databind_2.12.1.v20210128-1726.jar;D:/Vivado/Vivado/2022.1\lib\classes\com.google.gson_2.8.7.v20210624-1215.jar;D:/Vivado/Vivado/2022.1\lib\classes\com.google.guava_30.1.0.v20210127-2300.jar;D:/Vivado/Vivado/2022.1\lib\classes\com.sigasi.hdt.connection_4.15.0.202201101137.jar;D:/Vivado/Vivado/2022.1\lib\classes\com.sigasi.hdt.epl_4.15.0.202201101137.jar;D:/Vivado/Vivado/2022.1\lib\classes\com.sigasi.hdt.project_4.15.0.202201101137.jar;D:/Vivado/Vivado/2022.1\lib\classes\com.sigasi.hdt.readonlyfilesystem_4.15.0.202201101137.jar;D:/Vivado/Vivado/2022.1\lib\classes\com.sigasi.hdt.shared_4.15.0.202201101137.jar;D:/Vivado/Vivado/2022.1\lib\classes\com.sigasi.lcm_4.15.0.202201101137.jar;D:/Vivado
Launcher Type: generic

[Global flags]
     bool BytecodeVerificationLocal                = false                                     {product} {command line}
     bool BytecodeVerificationRemote               = false                                     {product} {command line}
     intx CICompilerCount                          = 12                                        {product} {ergonomic}
     uint ConcGCThreads                            = 3                                         {product} {ergonomic}
     uint G1ConcRefinementThreads                  = 13                                        {product} {ergonomic}
   size_t G1HeapRegionSize                         = 1048576                                   {product} {ergonomic}
    uintx GCDrainStackTargetSize                   = 64                                        {product} {ergonomic}
   size_t InitialHeapSize                          = 268435456                                 {product} {command line}
   size_t MarkStackSize                            = 4194304                                   {product} {ergonomic}
   size_t MaxHeapSize                              = 3221225472                                {product} {command line}
   size_t MaxNewSize                               = 62914560                                  {product} {command line}
   size_t MinHeapDeltaBytes                        = 1048576                                   {product} {ergonomic}
   size_t NewSize                                  = 62914560                                  {product} {command line}
    uintx NonNMethodCodeHeapSize                   = 7594288                                {pd product} {ergonomic}
    uintx NonProfiledCodeHeapSize                  = 122031976                              {pd product} {ergonomic}
    uintx ProfiledCodeHeapSize                     = 122031976                              {pd product} {ergonomic}
    uintx ReservedCodeCacheSize                    = 251658240                              {pd product} {ergonomic}
     bool SegmentedCodeCache                       = true                                      {product} {ergonomic}
    uintx StringTableSize                          = 4072                                      {product} {command line}
     intx ThreadStackSize                          = 5120                                   {pd product} {command line}
     bool UseCompressedClassPointers               = true                                 {lp64_product} {ergonomic}
     bool UseCompressedOops                        = true                                 {lp64_product} {ergonomic}
     bool UseG1GC                                  = true                                      {product} {ergonomic}
     bool UseLargePagesIndividualAllocation        = false                                  {pd product} {ergonomic}
     bool UsePerfData                              = false                                     {product} {command line}

Logging:
Log output configuration:
 #0: stdout all=warning uptime,level,tags
 #1: stderr all=off uptime,level,tags

Environment Variables:
PATH=D:/Vivado/Vivado/2022.1\gnuwin\bin;D:/Vivado/Vivado/2022.1\gnu\microblaze\nt\bin;D:/Vivado/Vivado/2022.1/bin;D:/Vivado/Vivado/2022.1/tps/win64/java-cef-78.3.9.242/bin/lib/win64;D:/Vivado/Vivado/2022.1/tps/win64/javafx-sdk-11.0.2/lib;D:/Vivado/Vivado/2022.1/tps/win64/javafx-sdk-11.0.2/bin;D:/Vivado/Vivado/2022.1/lib/win64.o;D:/Vivado/Vivado/2022.1/tps/win64/jre11.0.11_9/bin/server;D:/Vivado/Vivado/2022.1/tps/win64/jre11.0.11_9/bin;D:/Vivado/Vivado/2022.1/ids_lite/ISE/bin/nt64;D:/Vivado/Vivado/2022.1/ids_lite/ISE/lib/nt64;D:/Vivado/Vitis_HLS/2022.1/bin;C:\Program Files\Oculus\Support\oculus-runtime;C:\Program Files\Java\jdk-17.0.3.1\bin;C:\ProgramData\Oracle\Java\javapath;C:\Program Files\Java\jre1.8.0_333\bin;C:\Program Files\Common Files\Oracle\Java\javapath;C:\Program Files (x86)\Common Files\Oracle\Java\javapath;C:\Program Files\NVIDIA GPU Computing Toolkit\CUDA\v11.4\bin;C:\Program Files\NVIDIA GPU Computing Toolkit\CUDA\v11.4\libnvvp;C:\Program Files (x86)\Razer Chroma SDK\bin;C:\Program Files\Razer Chroma SDK\bin;C:\Program Files (x86)\Razer\ChromaBroadcast\bin;C:\Program Files\Razer\ChromaBroadcast\bin;C:\Windows\system32;C:\Windows;C:\Windows\System32\Wbem;C:\Windows\System32\WindowsPowerShell\v1.0\;C:\Windows\System32\OpenSSH\;C:\Program Files\NVIDIA Corporation\NVIDIA NvDLISR;C:\Program Files (x86)\NVIDIA Corporation\PhysX\Common;C:\Program Files (x86)\EaseUS\Todo Backup\bin;C:\Windows\system32\config\systemprofile\AppData\Local\Microsoft\WindowsApps;C:\Program Files\NVIDIA Corporation\Nsight Compute 2021.2.2\;C:\xampp\php;C:\Program Files\Git\cmd;D:\MATLAB\runtime\win64;D:\MATLAB\bin;C:\Program Files\Wolfram Research\WolframScript\;C:\Program Files\nodejs\;C:\Program Files\Wiimm\WIT;C:\Program Files\Microsoft SQL Server\Client SDK\ODBC\170\Tools\Binn\;C:\Program Files (x86)\Microsoft SQL Server\150\Tools\Binn\;C:\Program Files\Microsoft SQL Server\150\Tools\Binn\;C:\Program Files\Microsoft SQL Server\150\DTS\Binn\;C:\Program Files (x86)\Windows Kits\8.1\
USERNAME=ManFr
OS=Windows_NT
PROCESSOR_IDENTIFIER=AMD64 Family 25 Model 33 Stepping 0, AuthenticAMD



---------------  S Y S T E M  ---------------

OS: Windows 10 , 64 bit Build 19041 (10.0.19041.1889)
OS uptime: 0 days 8:35 hours
Hyper-V role detected

CPU:total 16 (initial active 16) (16 cores per cpu, 2 threads per core) family 25 model 33 stepping 0 microcode 0x0, cmov, cx8, fxsr, mmx, sse, sse2, sse3, ssse3, sse4.1, sse4.2, popcnt, avx, avx2, aes, clmul, erms, mmxext, 3dnowpref, lzcnt, sse4a, ht, tsc, tscinvbit, tscinv, bmi1, bmi2,

Memory: 4k page, system-wide physical 32674M (17843M free)
TotalPageFile size 65442M (AvailPageFile size 45189M)
current process WorkingSet (physical memory assigned to process): 1365M, peak: 1492M
current process commit charge ("private bytes"): 1466M, peak: 2032M

vm_info: OpenJDK 64-Bit Server VM (11.0.11+9) for windows-amd64 JRE (11.0.11+9), built on Apr  9 2021 19:32:08 by "" with MS VC++ 15.5 (VS2017)

END.
