INFO: [VRFC 10-2263] Analyzing SystemVerilog file "C:/Users/ManFr/Desktop/OneDrive - Cal Poly/Documents and Notes/Sophomore/Winter Quarter/CPE 233/Projects/Week8/interrupts2/interrupts2.srcs/sources_1/imports/sources/BRANCH_ADDR_GEN.sv" into library xil_defaultlib
INFO: [VRFC 10-311] analyzing module BRANCH_ADDR_GEN
INFO: [VRFC 10-2263] Analyzing SystemVerilog file "C:/Users/ManFr/Desktop/OneDrive - Cal Poly/Documents and Notes/Sophomore/Winter Quarter/CPE 233/Projects/Week8/interrupts2/interrupts2.srcs/sources_1/imports/sources/BRANCH_COND_GEN.sv" into library xil_defaultlib
INFO: [VRFC 10-311] analyzing module BRANCH_COND_GEN
INFO: [VRFC 10-2263] Analyzing SystemVerilog file "C:/Users/ManFr/Desktop/OneDrive - Cal Poly/Documents and Notes/Sophomore/Winter Quarter/CPE 233/Projects/Week8/interrupts2/interrupts2.srcs/sources_1/imports/sources/CSR_v1_03.sv" into library xil_defaultlib
INFO: [VRFC 10-311] analyzing module CSR
INFO: [VRFC 10-2263] Analyzing SystemVerilog file "C:/Users/ManFr/Desktop/OneDrive - Cal Poly/Documents and Notes/Sophomore/Winter Quarter/CPE 233/Projects/Week8/interrupts2/interrupts2.srcs/sources_1/imports/sources/IMMED_GEN.sv" into library xil_defaultlib
INFO: [VRFC 10-311] analyzing module IMMED_GEN
INFO: [VRFC 10-2263] Analyzing SystemVerilog file "C:/Users/ManFr/Desktop/OneDrive - Cal Poly/Documents and Notes/Sophomore/Winter Quarter/CPE 233/Projects/Week8/interrupts2/interrupts2.srcs/sources_1/imports/sources/OTTER_MCU.sv" into library xil_defaultlib
INFO: [VRFC 10-311] analyzing module OTTER_MCU
INFO: [VRFC 10-2263] Analyzing SystemVerilog file "C:/Users/ManFr/Desktop/OneDrive - Cal Poly/Documents and Notes/Sophomore/Winter Quarter/CPE 233/Projects/Week8/interrupts2/interrupts2.srcs/sources_1/imports/Downloads/OTTER_Wrapper_v1_07.sv" into library xil_defaultlib
INFO: [VRFC 10-311] analyzing module OTTER_Wrapper
INFO: [VRFC 10-2263] Analyzing SystemVerilog file "C:/Users/ManFr/Desktop/OneDrive - Cal Poly/Documents and Notes/Sophomore/Winter Quarter/CPE 233/Projects/Week8/interrupts2/interrupts2.srcs/sources_1/imports/sources/PC_MOD.sv" into library xil_defaultlib
INFO: [VRFC 10-311] analyzing module PC_MOD
INFO: [VRFC 10-2263] Analyzing SystemVerilog file "C:/Users/ManFr/Desktop/OneDrive - Cal Poly/Documents and Notes/Sophomore/Winter Quarter/CPE 233/Projects/Week8/interrupts2/interrupts2.srcs/sources_1/imports/sources/alu.sv" into library xil_defaultlib
INFO: [VRFC 10-311] analyzing module alu
INFO: [VRFC 10-2263] Analyzing SystemVerilog file "C:/Users/ManFr/Desktop/OneDrive - Cal Poly/Documents and Notes/Sophomore/Winter Quarter/CPE 233/Projects/Week8/interrupts2/interrupts2.srcs/sources_1/imports/sources/control_unit_dcdr_v_1_04-1.sv" into library xil_defaultlib
INFO: [VRFC 10-311] analyzing module CU_DCDR
INFO: [VRFC 10-2263] Analyzing SystemVerilog file "C:/Users/ManFr/Desktop/OneDrive - Cal Poly/Documents and Notes/Sophomore/Winter Quarter/CPE 233/Projects/Week8/interrupts2/interrupts2.srcs/sources_1/imports/sources/control_unit_fsm_v_1_06.sv" into library xil_defaultlib
INFO: [VRFC 10-311] analyzing module CU_FSM
INFO: [VRFC 10-2263] Analyzing SystemVerilog file "C:/Users/ManFr/Desktop/OneDrive - Cal Poly/Documents and Notes/Sophomore/Winter Quarter/CPE 233/Projects/Week8/interrupts2/interrupts2.srcs/sources_1/imports/sources/dbounce_v1_01-1.sv" into library xil_defaultlib
INFO: [VRFC 10-311] analyzing module DBounce
INFO: [VRFC 10-2263] Analyzing SystemVerilog file "C:/Users/ManFr/Desktop/OneDrive - Cal Poly/Documents and Notes/Sophomore/Winter Quarter/CPE 233/Projects/Week8/interrupts2/interrupts2.srcs/sources_1/imports/sources/one_shot_posneg_v1_02-1.sv" into library xil_defaultlib
INFO: [VRFC 10-311] analyzing module one_shot_bdir
INFO: [VRFC 10-2263] Analyzing SystemVerilog file "C:/Users/ManFr/Desktop/OneDrive - Cal Poly/Documents and Notes/Sophomore/Winter Quarter/CPE 233/Projects/Week8/interrupts2/interrupts2.srcs/sources_1/imports/sources/otter_memory_v1_06.sv" into library xil_defaultlib
INFO: [VRFC 10-311] analyzing module Memory
INFO: [VRFC 10-2263] Analyzing SystemVerilog file "C:/Users/ManFr/Desktop/OneDrive - Cal Poly/Documents and Notes/Sophomore/Winter Quarter/CPE 233/Projects/Week8/interrupts2/interrupts2.srcs/sources_1/imports/sources/reg_file_v_1_01.sv" into library xil_defaultlib
INFO: [VRFC 10-311] analyzing module RegFile
INFO: [VRFC 10-2263] Analyzing SystemVerilog file "C:/Users/ManFr/Desktop/OneDrive - Cal Poly/Documents and Notes/Sophomore/Winter Quarter/CPE 233/Projects/Week8/interrupts2/interrupts2.srcs/sim_1/new/sim.sv" into library xil_defaultlib
INFO: [VRFC 10-311] analyzing module otter_tb
