
*** Running vivado
    with args -log OTTER_Wrapper.vds -m64 -product Vivado -mode batch -messageDb vivado.pb -notrace -source OTTER_Wrapper.tcl



****** Vivado v2022.1 (64-bit)
  **** SW Build 3526262 on Mon Apr 18 15:48:16 MDT 2022
  **** IP Build 3524634 on Mon Apr 18 20:55:01 MDT 2022
    ** Copyright 1986-2022 Xilinx, Inc. All Rights Reserved.

source OTTER_Wrapper.tcl -notrace
Command: synth_design -top OTTER_Wrapper -part xc7a35tcpg236-1
Starting synth_design
Attempting to get a license for feature 'Synthesis' and/or device 'xc7a35t'
INFO: [Common 17-349] Got license for feature 'Synthesis' and/or device 'xc7a35t'
INFO: [Device 21-403] Loading part xc7a35tcpg236-1
INFO: [Synth 8-7079] Multithreading enabled for synth_design using a maximum of 2 processes.
INFO: [Synth 8-7078] Launching helper process for spawning children vivado processes
INFO: [Synth 8-7075] Helper process launched with PID 15916
---------------------------------------------------------------------------------
Starting RTL Elaboration : Time (s): cpu = 00:00:04 ; elapsed = 00:00:04 . Memory (MB): peak = 1637.785 ; gain = 0.000
---------------------------------------------------------------------------------
INFO: [Synth 8-6157] synthesizing module 'OTTER_Wrapper' [C:/Users/ManFr/Desktop/OneDrive - Cal Poly/Documents and Notes/Sophomore/Winter Quarter/CPE 233/Projects/Week8/interrupts2/interrupts2.srcs/sources_1/imports/Downloads/OTTER_Wrapper_v1_07.sv:26]
INFO: [Synth 8-6157] synthesizing module 'DBounce' [C:/Users/ManFr/Desktop/OneDrive - Cal Poly/Documents and Notes/Sophomore/Winter Quarter/CPE 233/Projects/Week8/interrupts2/interrupts2.srcs/sources_1/imports/sources/dbounce_v1_01-1.sv:34]
	Parameter n bound to: 8 - type: integer 
INFO: [Synth 8-6155] done synthesizing module 'DBounce' (0#1) [C:/Users/ManFr/Desktop/OneDrive - Cal Poly/Documents and Notes/Sophomore/Winter Quarter/CPE 233/Projects/Week8/interrupts2/interrupts2.srcs/sources_1/imports/sources/dbounce_v1_01-1.sv:34]
INFO: [Synth 8-6157] synthesizing module 'one_shot_bdir' [C:/Users/ManFr/Desktop/OneDrive - Cal Poly/Documents and Notes/Sophomore/Winter Quarter/CPE 233/Projects/Week8/interrupts2/interrupts2.srcs/sources_1/imports/sources/one_shot_posneg_v1_02-1.sv:34]
	Parameter n bound to: 3 - type: integer 
INFO: [Synth 8-6155] done synthesizing module 'one_shot_bdir' (0#1) [C:/Users/ManFr/Desktop/OneDrive - Cal Poly/Documents and Notes/Sophomore/Winter Quarter/CPE 233/Projects/Week8/interrupts2/interrupts2.srcs/sources_1/imports/sources/one_shot_posneg_v1_02-1.sv:34]
INFO: [Synth 8-6157] synthesizing module 'OTTER_MCU' [C:/Users/ManFr/Desktop/OneDrive - Cal Poly/Documents and Notes/Sophomore/Winter Quarter/CPE 233/Projects/Week8/interrupts2/interrupts2.srcs/sources_1/imports/sources/OTTER_MCU.sv:23]
INFO: [Synth 8-6157] synthesizing module 'PC_MOD' [C:/Users/ManFr/Desktop/OneDrive - Cal Poly/Documents and Notes/Sophomore/Winter Quarter/CPE 233/Projects/Week8/interrupts2/interrupts2.srcs/sources_1/imports/sources/PC_MOD.sv:23]
INFO: [Synth 8-155] case statement is not full and has no default [C:/Users/ManFr/Desktop/OneDrive - Cal Poly/Documents and Notes/Sophomore/Winter Quarter/CPE 233/Projects/Week8/interrupts2/interrupts2.srcs/sources_1/imports/sources/PC_MOD.sv:37]
INFO: [Synth 8-6155] done synthesizing module 'PC_MOD' (0#1) [C:/Users/ManFr/Desktop/OneDrive - Cal Poly/Documents and Notes/Sophomore/Winter Quarter/CPE 233/Projects/Week8/interrupts2/interrupts2.srcs/sources_1/imports/sources/PC_MOD.sv:23]
INFO: [Synth 8-6157] synthesizing module 'Memory' [C:/Users/ManFr/Desktop/OneDrive - Cal Poly/Documents and Notes/Sophomore/Winter Quarter/CPE 233/Projects/Week8/interrupts2/interrupts2.srcs/sources_1/imports/sources/otter_memory_v1_06.sv:47]
INFO: [Synth 8-3876] $readmem data file 'otter_memory.mem' is read successfully [C:/Users/ManFr/Desktop/OneDrive - Cal Poly/Documents and Notes/Sophomore/Winter Quarter/CPE 233/Projects/Week8/interrupts2/interrupts2.srcs/sources_1/imports/sources/otter_memory_v1_06.sv:72]
INFO: [Synth 8-155] case statement is not full and has no default [C:/Users/ManFr/Desktop/OneDrive - Cal Poly/Documents and Notes/Sophomore/Winter Quarter/CPE 233/Projects/Week8/interrupts2/interrupts2.srcs/sources_1/imports/sources/otter_memory_v1_06.sv:94]
INFO: [Synth 8-6155] done synthesizing module 'Memory' (0#1) [C:/Users/ManFr/Desktop/OneDrive - Cal Poly/Documents and Notes/Sophomore/Winter Quarter/CPE 233/Projects/Week8/interrupts2/interrupts2.srcs/sources_1/imports/sources/otter_memory_v1_06.sv:47]
INFO: [Synth 8-6157] synthesizing module 'RegFile' [C:/Users/ManFr/Desktop/OneDrive - Cal Poly/Documents and Notes/Sophomore/Winter Quarter/CPE 233/Projects/Week8/interrupts2/interrupts2.srcs/sources_1/imports/sources/reg_file_v_1_01.sv:36]
INFO: [Synth 8-6155] done synthesizing module 'RegFile' (0#1) [C:/Users/ManFr/Desktop/OneDrive - Cal Poly/Documents and Notes/Sophomore/Winter Quarter/CPE 233/Projects/Week8/interrupts2/interrupts2.srcs/sources_1/imports/sources/reg_file_v_1_01.sv:36]
INFO: [Synth 8-6157] synthesizing module 'mux_4t1_nb' [C:/Users/ManFr/Desktop/OneDrive - Cal Poly/Documents and Notes/Sophomore/Winter Quarter/CPE 233/Projects/Week8/interrupts2/interrupts2.srcs/sources_1/imports/sources/mux_4t1_nb_v1_06.v:45]
	Parameter n bound to: 32 - type: integer 
INFO: [Synth 8-6155] done synthesizing module 'mux_4t1_nb' (0#1) [C:/Users/ManFr/Desktop/OneDrive - Cal Poly/Documents and Notes/Sophomore/Winter Quarter/CPE 233/Projects/Week8/interrupts2/interrupts2.srcs/sources_1/imports/sources/mux_4t1_nb_v1_06.v:45]
INFO: [Synth 8-6157] synthesizing module 'IMMED_GEN' [C:/Users/ManFr/Desktop/OneDrive - Cal Poly/Documents and Notes/Sophomore/Winter Quarter/CPE 233/Projects/Week8/interrupts2/interrupts2.srcs/sources_1/imports/sources/IMMED_GEN.sv:23]
INFO: [Synth 8-6155] done synthesizing module 'IMMED_GEN' (0#1) [C:/Users/ManFr/Desktop/OneDrive - Cal Poly/Documents and Notes/Sophomore/Winter Quarter/CPE 233/Projects/Week8/interrupts2/interrupts2.srcs/sources_1/imports/sources/IMMED_GEN.sv:23]
INFO: [Synth 8-6157] synthesizing module 'BRANCH_ADDR_GEN' [C:/Users/ManFr/Desktop/OneDrive - Cal Poly/Documents and Notes/Sophomore/Winter Quarter/CPE 233/Projects/Week8/interrupts2/interrupts2.srcs/sources_1/imports/sources/BRANCH_ADDR_GEN.sv:23]
INFO: [Synth 8-6155] done synthesizing module 'BRANCH_ADDR_GEN' (0#1) [C:/Users/ManFr/Desktop/OneDrive - Cal Poly/Documents and Notes/Sophomore/Winter Quarter/CPE 233/Projects/Week8/interrupts2/interrupts2.srcs/sources_1/imports/sources/BRANCH_ADDR_GEN.sv:23]
INFO: [Synth 8-6157] synthesizing module 'mux_8t1_nb' [C:/Users/ManFr/Desktop/OneDrive - Cal Poly/Documents and Notes/Sophomore/Winter Quarter/CPE 233/Projects/Week8/interrupts2/interrupts2.srcs/sources_1/imports/sources/mux_8t1_nb_v1_03.v:43]
	Parameter n bound to: 32 - type: integer 
INFO: [Synth 8-6155] done synthesizing module 'mux_8t1_nb' (0#1) [C:/Users/ManFr/Desktop/OneDrive - Cal Poly/Documents and Notes/Sophomore/Winter Quarter/CPE 233/Projects/Week8/interrupts2/interrupts2.srcs/sources_1/imports/sources/mux_8t1_nb_v1_03.v:43]
INFO: [Synth 8-6157] synthesizing module 'alu' [C:/Users/ManFr/Desktop/OneDrive - Cal Poly/Documents and Notes/Sophomore/Winter Quarter/CPE 233/Projects/Week8/interrupts2/interrupts2.srcs/sources_1/imports/sources/alu.sv:23]
INFO: [Synth 8-6155] done synthesizing module 'alu' (0#1) [C:/Users/ManFr/Desktop/OneDrive - Cal Poly/Documents and Notes/Sophomore/Winter Quarter/CPE 233/Projects/Week8/interrupts2/interrupts2.srcs/sources_1/imports/sources/alu.sv:23]
INFO: [Synth 8-6157] synthesizing module 'BRANCH_COND_GEN' [C:/Users/ManFr/Desktop/OneDrive - Cal Poly/Documents and Notes/Sophomore/Winter Quarter/CPE 233/Projects/Week8/interrupts2/interrupts2.srcs/sources_1/imports/sources/BRANCH_COND_GEN.sv:23]
INFO: [Synth 8-6155] done synthesizing module 'BRANCH_COND_GEN' (0#1) [C:/Users/ManFr/Desktop/OneDrive - Cal Poly/Documents and Notes/Sophomore/Winter Quarter/CPE 233/Projects/Week8/interrupts2/interrupts2.srcs/sources_1/imports/sources/BRANCH_COND_GEN.sv:23]
INFO: [Synth 8-6157] synthesizing module 'CU_FSM' [C:/Users/ManFr/Desktop/OneDrive - Cal Poly/Documents and Notes/Sophomore/Winter Quarter/CPE 233/Projects/Week8/interrupts2/interrupts2.srcs/sources_1/imports/sources/control_unit_fsm_v_1_06.sv:42]
INFO: [Synth 8-155] case statement is not full and has no default [C:/Users/ManFr/Desktop/OneDrive - Cal Poly/Documents and Notes/Sophomore/Winter Quarter/CPE 233/Projects/Week8/interrupts2/interrupts2.srcs/sources_1/imports/sources/control_unit_fsm_v_1_06.sv:233]
INFO: [Synth 8-6155] done synthesizing module 'CU_FSM' (0#1) [C:/Users/ManFr/Desktop/OneDrive - Cal Poly/Documents and Notes/Sophomore/Winter Quarter/CPE 233/Projects/Week8/interrupts2/interrupts2.srcs/sources_1/imports/sources/control_unit_fsm_v_1_06.sv:42]
INFO: [Synth 8-6157] synthesizing module 'CU_DCDR' [C:/Users/ManFr/Desktop/OneDrive - Cal Poly/Documents and Notes/Sophomore/Winter Quarter/CPE 233/Projects/Week8/interrupts2/interrupts2.srcs/sources_1/imports/sources/control_unit_dcdr_v_1_04-1.sv:40]
INFO: [Synth 8-155] case statement is not full and has no default [C:/Users/ManFr/Desktop/OneDrive - Cal Poly/Documents and Notes/Sophomore/Winter Quarter/CPE 233/Projects/Week8/interrupts2/interrupts2.srcs/sources_1/imports/sources/control_unit_dcdr_v_1_04-1.sv:135]
INFO: [Synth 8-226] default block is never used [C:/Users/ManFr/Desktop/OneDrive - Cal Poly/Documents and Notes/Sophomore/Winter Quarter/CPE 233/Projects/Week8/interrupts2/interrupts2.srcs/sources_1/imports/sources/control_unit_dcdr_v_1_04-1.sv:173]
INFO: [Synth 8-226] default block is never used [C:/Users/ManFr/Desktop/OneDrive - Cal Poly/Documents and Notes/Sophomore/Winter Quarter/CPE 233/Projects/Week8/interrupts2/interrupts2.srcs/sources_1/imports/sources/control_unit_dcdr_v_1_04-1.sv:240]
INFO: [Synth 8-155] case statement is not full and has no default [C:/Users/ManFr/Desktop/OneDrive - Cal Poly/Documents and Notes/Sophomore/Winter Quarter/CPE 233/Projects/Week8/interrupts2/interrupts2.srcs/sources_1/imports/sources/control_unit_dcdr_v_1_04-1.sv:316]
INFO: [Synth 8-6155] done synthesizing module 'CU_DCDR' (0#1) [C:/Users/ManFr/Desktop/OneDrive - Cal Poly/Documents and Notes/Sophomore/Winter Quarter/CPE 233/Projects/Week8/interrupts2/interrupts2.srcs/sources_1/imports/sources/control_unit_dcdr_v_1_04-1.sv:40]
INFO: [Synth 8-6157] synthesizing module 'CSR' [C:/Users/ManFr/Desktop/OneDrive - Cal Poly/Documents and Notes/Sophomore/Winter Quarter/CPE 233/Projects/Week8/interrupts2/interrupts2.srcs/sources_1/imports/sources/CSR_v1_03.sv:44]
INFO: [Synth 8-155] case statement is not full and has no default [C:/Users/ManFr/Desktop/OneDrive - Cal Poly/Documents and Notes/Sophomore/Winter Quarter/CPE 233/Projects/Week8/interrupts2/interrupts2.srcs/sources_1/imports/sources/CSR_v1_03.sv:85]
INFO: [Synth 8-6155] done synthesizing module 'CSR' (0#1) [C:/Users/ManFr/Desktop/OneDrive - Cal Poly/Documents and Notes/Sophomore/Winter Quarter/CPE 233/Projects/Week8/interrupts2/interrupts2.srcs/sources_1/imports/sources/CSR_v1_03.sv:44]
INFO: [Synth 8-6155] done synthesizing module 'OTTER_MCU' (0#1) [C:/Users/ManFr/Desktop/OneDrive - Cal Poly/Documents and Notes/Sophomore/Winter Quarter/CPE 233/Projects/Week8/interrupts2/interrupts2.srcs/sources_1/imports/sources/OTTER_MCU.sv:23]
INFO: [Synth 8-155] case statement is not full and has no default [C:/Users/ManFr/Desktop/OneDrive - Cal Poly/Documents and Notes/Sophomore/Winter Quarter/CPE 233/Projects/Week8/interrupts2/interrupts2.srcs/sources_1/imports/Downloads/OTTER_Wrapper_v1_07.sv:93]
INFO: [Synth 8-6155] done synthesizing module 'OTTER_Wrapper' (0#1) [C:/Users/ManFr/Desktop/OneDrive - Cal Poly/Documents and Notes/Sophomore/Winter Quarter/CPE 233/Projects/Week8/interrupts2/interrupts2.srcs/sources_1/imports/Downloads/OTTER_Wrapper_v1_07.sv:26]
WARNING: [Synth 8-87] always_comb on 'NS_reg' did not result in combinational logic [C:/Users/ManFr/Desktop/OneDrive - Cal Poly/Documents and Notes/Sophomore/Winter Quarter/CPE 233/Projects/Week8/interrupts2/interrupts2.srcs/sources_1/imports/sources/control_unit_fsm_v_1_06.sv:105]
WARNING: [Synth 8-7129] Port ir[6] in module IMMED_GEN is either unconnected or has no load
WARNING: [Synth 8-7129] Port ir[5] in module IMMED_GEN is either unconnected or has no load
WARNING: [Synth 8-7129] Port ir[4] in module IMMED_GEN is either unconnected or has no load
WARNING: [Synth 8-7129] Port ir[3] in module IMMED_GEN is either unconnected or has no load
WARNING: [Synth 8-7129] Port ir[2] in module IMMED_GEN is either unconnected or has no load
WARNING: [Synth 8-7129] Port ir[1] in module IMMED_GEN is either unconnected or has no load
WARNING: [Synth 8-7129] Port ir[0] in module IMMED_GEN is either unconnected or has no load
---------------------------------------------------------------------------------
Finished RTL Elaboration : Time (s): cpu = 00:00:06 ; elapsed = 00:00:06 . Memory (MB): peak = 1657.805 ; gain = 20.020
---------------------------------------------------------------------------------
---------------------------------------------------------------------------------
Start Handling Custom Attributes
---------------------------------------------------------------------------------
---------------------------------------------------------------------------------
Finished Handling Custom Attributes : Time (s): cpu = 00:00:06 ; elapsed = 00:00:06 . Memory (MB): peak = 1657.805 ; gain = 20.020
---------------------------------------------------------------------------------
---------------------------------------------------------------------------------
Finished RTL Optimization Phase 1 : Time (s): cpu = 00:00:06 ; elapsed = 00:00:06 . Memory (MB): peak = 1657.805 ; gain = 20.020
---------------------------------------------------------------------------------
Netlist sorting complete. Time (s): cpu = 00:00:00 ; elapsed = 00:00:00.034 . Memory (MB): peak = 1657.805 ; gain = 0.000
INFO: [Project 1-570] Preparing netlist for logic optimization

Processing XDC Constraints
Initializing timing engine
Parsing XDC File [C:/Users/ManFr/Desktop/OneDrive - Cal Poly/Documents and Notes/Sophomore/Winter Quarter/CPE 233/Projects/Week8/interrupts2/interrupts2.srcs/constrs_1/imports/Downloads/Basys3_RISCV_simple.xdc]
Finished Parsing XDC File [C:/Users/ManFr/Desktop/OneDrive - Cal Poly/Documents and Notes/Sophomore/Winter Quarter/CPE 233/Projects/Week8/interrupts2/interrupts2.srcs/constrs_1/imports/Downloads/Basys3_RISCV_simple.xdc]
INFO: [Project 1-236] Implementation specific constraints were found while reading constraint file [C:/Users/ManFr/Desktop/OneDrive - Cal Poly/Documents and Notes/Sophomore/Winter Quarter/CPE 233/Projects/Week8/interrupts2/interrupts2.srcs/constrs_1/imports/Downloads/Basys3_RISCV_simple.xdc]. These constraints will be ignored for synthesis but will be used in implementation. Impacted constraints are listed in the file [.Xil/OTTER_Wrapper_propImpl.xdc].
Resolution: To avoid this warning, move constraints listed in [.Xil/OTTER_Wrapper_propImpl.xdc] to another XDC file and exclude this new file from synthesis with the used_in_synthesis property (File Properties dialog in GUI) and re-run elaboration/synthesis.
Completed Processing XDC Constraints

Netlist sorting complete. Time (s): cpu = 00:00:00 ; elapsed = 00:00:00 . Memory (MB): peak = 1727.152 ; gain = 0.000
INFO: [Project 1-111] Unisim Transformation Summary:
No Unisim elements were transformed.

Constraint Validation Runtime : Time (s): cpu = 00:00:00 ; elapsed = 00:00:00.003 . Memory (MB): peak = 1727.152 ; gain = 0.000
---------------------------------------------------------------------------------
Finished Constraint Validation : Time (s): cpu = 00:00:12 ; elapsed = 00:00:12 . Memory (MB): peak = 1727.152 ; gain = 89.367
---------------------------------------------------------------------------------
---------------------------------------------------------------------------------
Start Loading Part and Timing Information
---------------------------------------------------------------------------------
Loading part: xc7a35tcpg236-1
---------------------------------------------------------------------------------
Finished Loading Part and Timing Information : Time (s): cpu = 00:00:12 ; elapsed = 00:00:12 . Memory (MB): peak = 1727.152 ; gain = 89.367
---------------------------------------------------------------------------------
---------------------------------------------------------------------------------
Start Applying 'set_property' XDC Constraints
---------------------------------------------------------------------------------
---------------------------------------------------------------------------------
Finished applying 'set_property' XDC Constraints : Time (s): cpu = 00:00:12 ; elapsed = 00:00:12 . Memory (MB): peak = 1727.152 ; gain = 89.367
---------------------------------------------------------------------------------
INFO: [Synth 8-802] inferred FSM for state register 'PS_reg' in module 'CU_FSM'
WARNING: [Synth 8-327] inferring latch for variable 'mux_out_reg' [C:/Users/ManFr/Desktop/OneDrive - Cal Poly/Documents and Notes/Sophomore/Winter Quarter/CPE 233/Projects/Week8/interrupts2/interrupts2.srcs/sources_1/imports/sources/PC_MOD.sv:38]
INFO: [Synth 8-7030] Implemented Non-Cascaded Block Ram (cascade_height = 1) of width 32 for RAM "Memory:/memory_reg"
INFO: [Synth 8-7030] Implemented Non-Cascaded Block Ram (cascade_height = 1) of width 32 for RAM "Memory:/memory_reg"
INFO: [Synth 8-7030] Implemented Non-Cascaded Block Ram (cascade_height = 1) of width 32 for RAM "Memory:/memory_reg"
INFO: [Synth 8-7030] Implemented Non-Cascaded Block Ram (cascade_height = 1) of width 32 for RAM "Memory:/memory_reg"
INFO: [Synth 8-7030] Implemented Non-Cascaded Block Ram (cascade_height = 1) of width 32 for RAM "Memory:/memory_reg"
INFO: [Synth 8-7030] Implemented Non-Cascaded Block Ram (cascade_height = 1) of width 32 for RAM "Memory:/memory_reg"
INFO: [Synth 8-7030] Implemented Non-Cascaded Block Ram (cascade_height = 1) of width 32 for RAM "Memory:/memory_reg"
INFO: [Synth 8-7030] Implemented Non-Cascaded Block Ram (cascade_height = 1) of width 32 for RAM "Memory:/memory_reg"
INFO: [Synth 8-7030] Implemented Non-Cascaded Block Ram (cascade_height = 1) of width 32 for RAM "Memory:/memory_reg"
INFO: [Synth 8-7030] Implemented Non-Cascaded Block Ram (cascade_height = 1) of width 32 for RAM "Memory:/memory_reg"
INFO: [Synth 8-7030] Implemented Non-Cascaded Block Ram (cascade_height = 1) of width 32 for RAM "Memory:/memory_reg"
INFO: [Synth 8-7030] Implemented Non-Cascaded Block Ram (cascade_height = 1) of width 32 for RAM "Memory:/memory_reg"
INFO: [Synth 8-7030] Implemented Non-Cascaded Block Ram (cascade_height = 1) of width 32 for RAM "Memory:/memory_reg"
INFO: [Synth 8-7030] Implemented Non-Cascaded Block Ram (cascade_height = 1) of width 32 for RAM "Memory:/memory_reg"
INFO: [Synth 8-7030] Implemented Non-Cascaded Block Ram (cascade_height = 1) of width 32 for RAM "Memory:/memory_reg"
INFO: [Synth 8-7030] Implemented Non-Cascaded Block Ram (cascade_height = 1) of width 32 for RAM "Memory:/memory_reg"
WARNING: [Synth 8-327] inferring latch for variable 'FSM_sequential_NS_reg' [C:/Users/ManFr/Desktop/OneDrive - Cal Poly/Documents and Notes/Sophomore/Winter Quarter/CPE 233/Projects/Week8/interrupts2/interrupts2.srcs/sources_1/imports/sources/control_unit_fsm_v_1_06.sv:105]
WARNING: [Synth 8-327] inferring latch for variable 'FSM_onehot_NS_reg' [C:/Users/ManFr/Desktop/OneDrive - Cal Poly/Documents and Notes/Sophomore/Winter Quarter/CPE 233/Projects/Week8/interrupts2/interrupts2.srcs/sources_1/imports/sources/control_unit_fsm_v_1_06.sv:105]
---------------------------------------------------------------------------------------------------
                   State |                     New Encoding |                Previous Encoding 
---------------------------------------------------------------------------------------------------
                 st_INIT |                              000 |                              000
                  st_FET |                              001 |                              001
                   st_EX |                              010 |                              010
                   st_WB |                              011 |                              011
                 st_INTR |                              100 |                              100
---------------------------------------------------------------------------------------------------
INFO: [Synth 8-3354] encoded FSM with state register 'PS_reg' using encoding 'sequential' in module 'CU_FSM'
WARNING: [Synth 8-327] inferring latch for variable 'FSM_sequential_NS_reg' [C:/Users/ManFr/Desktop/OneDrive - Cal Poly/Documents and Notes/Sophomore/Winter Quarter/CPE 233/Projects/Week8/interrupts2/interrupts2.srcs/sources_1/imports/sources/control_unit_fsm_v_1_06.sv:105]
---------------------------------------------------------------------------------
Finished RTL Optimization Phase 2 : Time (s): cpu = 00:00:12 ; elapsed = 00:00:12 . Memory (MB): peak = 1727.152 ; gain = 89.367
---------------------------------------------------------------------------------
---------------------------------------------------------------------------------
Start RTL Component Statistics 
---------------------------------------------------------------------------------
Detailed RTL Component Info : 
+---Adders : 
	   2 Input   32 Bit       Adders := 6     
	   3 Input   32 Bit       Adders := 1     
	   2 Input    8 Bit       Adders := 1     
+---XORs : 
	   2 Input     32 Bit         XORs := 1     
	   2 Input      1 Bit         XORs := 2     
+---Registers : 
	               32 Bit    Registers := 7     
	               16 Bit    Registers := 1     
	                8 Bit    Registers := 2     
	                4 Bit    Registers := 1     
	                3 Bit    Registers := 2     
	                1 Bit    Registers := 6     
+---RAMs : 
	             512K Bit	(16384 X 32 bit)          RAMs := 1     
	             1024 Bit	(32 X 32 bit)          RAMs := 1     
+---Muxes : 
	   9 Input   32 Bit        Muxes := 2     
	  16 Input   32 Bit        Muxes := 1     
	   2 Input   32 Bit        Muxes := 13    
	   4 Input   32 Bit        Muxes := 6     
	   3 Input   32 Bit        Muxes := 1     
	   8 Input    4 Bit        Muxes := 1     
	   9 Input    4 Bit        Muxes := 1     
	   2 Input    4 Bit        Muxes := 1     
	   4 Input    4 Bit        Muxes := 1     
	  11 Input    4 Bit        Muxes := 1     
	   5 Input    3 Bit        Muxes := 2     
	  11 Input    3 Bit        Muxes := 3     
	   2 Input    3 Bit        Muxes := 13    
	   4 Input    3 Bit        Muxes := 2     
	   2 Input    2 Bit        Muxes := 2     
	   4 Input    2 Bit        Muxes := 1     
	  11 Input    2 Bit        Muxes := 2     
	   7 Input    1 Bit        Muxes := 1     
	   9 Input    1 Bit        Muxes := 1     
	   2 Input    1 Bit        Muxes := 17    
	   4 Input    1 Bit        Muxes := 10    
	  11 Input    1 Bit        Muxes := 7     
	   5 Input    1 Bit        Muxes := 11    
---------------------------------------------------------------------------------
Finished RTL Component Statistics 
---------------------------------------------------------------------------------
---------------------------------------------------------------------------------
Start Part Resource Summary
---------------------------------------------------------------------------------
Part Resources:
DSPs: 90 (col length:60)
BRAMs: 100 (col length: RAMB18 60 RAMB36 30)
---------------------------------------------------------------------------------
Finished Part Resource Summary
---------------------------------------------------------------------------------
---------------------------------------------------------------------------------
Start Cross Boundary and Area Optimization
---------------------------------------------------------------------------------
WARNING: [Synth 8-7080] Parallel synthesis criteria is not met
WARNING: [Synth 8-3936] Found unconnected internal register 'my_oneshot/neg_pulse_reg_reg' and it is trimmed from '3' to '2' bits. [C:/Users/ManFr/Desktop/OneDrive - Cal Poly/Documents and Notes/Sophomore/Winter Quarter/CPE 233/Projects/Week8/interrupts2/interrupts2.srcs/sources_1/imports/sources/one_shot_posneg_v1_02-1.sv:72]
INFO: [Synth 8-7030] Implemented Non-Cascaded Block Ram (cascade_height = 1) of width 32 for RAM "my_otter/OTTER_MEMORY/memory_reg"
INFO: [Synth 8-7030] Implemented Non-Cascaded Block Ram (cascade_height = 1) of width 32 for RAM "my_otter/OTTER_MEMORY/memory_reg"
INFO: [Synth 8-7030] Implemented Non-Cascaded Block Ram (cascade_height = 1) of width 32 for RAM "my_otter/OTTER_MEMORY/memory_reg"
INFO: [Synth 8-7030] Implemented Non-Cascaded Block Ram (cascade_height = 1) of width 32 for RAM "my_otter/OTTER_MEMORY/memory_reg"
INFO: [Synth 8-7030] Implemented Non-Cascaded Block Ram (cascade_height = 1) of width 32 for RAM "my_otter/OTTER_MEMORY/memory_reg"
INFO: [Synth 8-7030] Implemented Non-Cascaded Block Ram (cascade_height = 1) of width 32 for RAM "my_otter/OTTER_MEMORY/memory_reg"
INFO: [Synth 8-7030] Implemented Non-Cascaded Block Ram (cascade_height = 1) of width 32 for RAM "my_otter/OTTER_MEMORY/memory_reg"
INFO: [Synth 8-7030] Implemented Non-Cascaded Block Ram (cascade_height = 1) of width 32 for RAM "my_otter/OTTER_MEMORY/memory_reg"
INFO: [Synth 8-7030] Implemented Non-Cascaded Block Ram (cascade_height = 1) of width 32 for RAM "my_otter/OTTER_MEMORY/memory_reg"
INFO: [Synth 8-7030] Implemented Non-Cascaded Block Ram (cascade_height = 1) of width 32 for RAM "my_otter/OTTER_MEMORY/memory_reg"
INFO: [Synth 8-7030] Implemented Non-Cascaded Block Ram (cascade_height = 1) of width 32 for RAM "my_otter/OTTER_MEMORY/memory_reg"
INFO: [Synth 8-7030] Implemented Non-Cascaded Block Ram (cascade_height = 1) of width 32 for RAM "my_otter/OTTER_MEMORY/memory_reg"
INFO: [Synth 8-7030] Implemented Non-Cascaded Block Ram (cascade_height = 1) of width 32 for RAM "my_otter/OTTER_MEMORY/memory_reg"
INFO: [Synth 8-7030] Implemented Non-Cascaded Block Ram (cascade_height = 1) of width 32 for RAM "my_otter/OTTER_MEMORY/memory_reg"
INFO: [Synth 8-7030] Implemented Non-Cascaded Block Ram (cascade_height = 1) of width 32 for RAM "my_otter/OTTER_MEMORY/memory_reg"
INFO: [Synth 8-7030] Implemented Non-Cascaded Block Ram (cascade_height = 1) of width 32 for RAM "my_otter/OTTER_MEMORY/memory_reg"
---------------------------------------------------------------------------------
Finished Cross Boundary and Area Optimization : Time (s): cpu = 00:00:19 ; elapsed = 00:00:19 . Memory (MB): peak = 1727.152 ; gain = 89.367
---------------------------------------------------------------------------------
---------------------------------------------------------------------------------
Start ROM, RAM, DSP, Shift Register and Retiming Reporting
---------------------------------------------------------------------------------

Block RAM: Preliminary Mapping Report (see note below)
+----------------------+------------+------------------------+---+---+------------------------+---+---+------------------+--------+--------+
|Module Name           | RTL Object | PORT A (Depth x Width) | W | R | PORT B (Depth x Width) | W | R | Ports driving FF | RAMB18 | RAMB36 | 
+----------------------+------------+------------------------+---+---+------------------------+---+---+------------------+--------+--------+
|my_otter/OTTER_MEMORY | memory_reg | 16 K x 32(READ_FIRST)  | W | R | 16 K x 32(WRITE_FIRST) |   | R | Port A and B     | 0      | 16     | 
+----------------------+------------+------------------------+---+---+------------------------+---+---+------------------+--------+--------+

Note: The table above is a preliminary report that shows the Block RAMs at the current stage of the synthesis flow. Some Block RAMs may be reimplemented as non Block RAM primitives later in the synthesis flow. Multiple instantiated Block RAMs are reported only once. 

Distributed RAM: Preliminary Mapping Report (see note below)
+------------+-----------------------+-----------+----------------------+--------------+
|Module Name | RTL Object            | Inference | Size (Depth x Width) | Primitives   | 
+------------+-----------------------+-----------+----------------------+--------------+
|my_otter    | Register/reg_file_reg | Implied   | 32 x 32              | RAM32M x 12  | 
+------------+-----------------------+-----------+----------------------+--------------+

Note: The table above is a preliminary report that shows the Distributed RAMs at the current stage of the synthesis flow. Some Distributed RAMs may be reimplemented as non Distributed RAM primitives later in the synthesis flow. Multiple instantiated RAMs are reported only once.
---------------------------------------------------------------------------------
Finished ROM, RAM, DSP, Shift Register and Retiming Reporting
---------------------------------------------------------------------------------
---------------------------------------------------------------------------------
Start Applying XDC Timing Constraints
---------------------------------------------------------------------------------
---------------------------------------------------------------------------------
Finished Applying XDC Timing Constraints : Time (s): cpu = 00:00:23 ; elapsed = 00:00:23 . Memory (MB): peak = 1727.152 ; gain = 89.367
---------------------------------------------------------------------------------
---------------------------------------------------------------------------------
Start Timing Optimization
---------------------------------------------------------------------------------
---------------------------------------------------------------------------------
Finished Timing Optimization : Time (s): cpu = 00:00:23 ; elapsed = 00:00:23 . Memory (MB): peak = 1727.152 ; gain = 89.367
---------------------------------------------------------------------------------
---------------------------------------------------------------------------------
Start ROM, RAM, DSP, Shift Register and Retiming Reporting
---------------------------------------------------------------------------------

Block RAM: Final Mapping Report
+----------------------+------------+------------------------+---+---+------------------------+---+---+------------------+--------+--------+
|Module Name           | RTL Object | PORT A (Depth x Width) | W | R | PORT B (Depth x Width) | W | R | Ports driving FF | RAMB18 | RAMB36 | 
+----------------------+------------+------------------------+---+---+------------------------+---+---+------------------+--------+--------+
|my_otter/OTTER_MEMORY | memory_reg | 16 K x 32(READ_FIRST)  | W | R | 16 K x 32(WRITE_FIRST) |   | R | Port A and B     | 0      | 16     | 
+----------------------+------------+------------------------+---+---+------------------------+---+---+------------------+--------+--------+


Distributed RAM: Final Mapping Report
+------------+-----------------------+-----------+----------------------+--------------+
|Module Name | RTL Object            | Inference | Size (Depth x Width) | Primitives   | 
+------------+-----------------------+-----------+----------------------+--------------+
|my_otter    | Register/reg_file_reg | Implied   | 32 x 32              | RAM32M x 12  | 
+------------+-----------------------+-----------+----------------------+--------------+

---------------------------------------------------------------------------------
Finished ROM, RAM, DSP, Shift Register and Retiming Reporting
---------------------------------------------------------------------------------
---------------------------------------------------------------------------------
Start Technology Mapping
---------------------------------------------------------------------------------
INFO: [Synth 8-7052] The timing for the instance my_otter/OTTER_MEMORY/memory_reg_bram_0 (implemented as a Block RAM) might be sub-optimal as no optional output register could be merged into the ram block. Providing additional output register may help in improving timing.
INFO: [Synth 8-7052] The timing for the instance my_otter/OTTER_MEMORY/memory_reg_bram_0 (implemented as a Block RAM) might be sub-optimal as no optional output register could be merged into the ram block. Providing additional output register may help in improving timing.
INFO: [Synth 8-7052] The timing for the instance my_otter/OTTER_MEMORY/memory_reg_bram_1 (implemented as a Block RAM) might be sub-optimal as no optional output register could be merged into the ram block. Providing additional output register may help in improving timing.
INFO: [Synth 8-7052] The timing for the instance my_otter/OTTER_MEMORY/memory_reg_bram_1 (implemented as a Block RAM) might be sub-optimal as no optional output register could be merged into the ram block. Providing additional output register may help in improving timing.
INFO: [Synth 8-7052] The timing for the instance my_otter/OTTER_MEMORY/memory_reg_bram_2 (implemented as a Block RAM) might be sub-optimal as no optional output register could be merged into the ram block. Providing additional output register may help in improving timing.
INFO: [Synth 8-7052] The timing for the instance my_otter/OTTER_MEMORY/memory_reg_bram_2 (implemented as a Block RAM) might be sub-optimal as no optional output register could be merged into the ram block. Providing additional output register may help in improving timing.
INFO: [Synth 8-7052] The timing for the instance my_otter/OTTER_MEMORY/memory_reg_bram_3 (implemented as a Block RAM) might be sub-optimal as no optional output register could be merged into the ram block. Providing additional output register may help in improving timing.
INFO: [Synth 8-7052] The timing for the instance my_otter/OTTER_MEMORY/memory_reg_bram_3 (implemented as a Block RAM) might be sub-optimal as no optional output register could be merged into the ram block. Providing additional output register may help in improving timing.
INFO: [Synth 8-7052] The timing for the instance my_otter/OTTER_MEMORY/memory_reg_bram_4 (implemented as a Block RAM) might be sub-optimal as no optional output register could be merged into the ram block. Providing additional output register may help in improving timing.
INFO: [Synth 8-7052] The timing for the instance my_otter/OTTER_MEMORY/memory_reg_bram_4 (implemented as a Block RAM) might be sub-optimal as no optional output register could be merged into the ram block. Providing additional output register may help in improving timing.
INFO: [Synth 8-7052] The timing for the instance my_otter/OTTER_MEMORY/memory_reg_bram_5 (implemented as a Block RAM) might be sub-optimal as no optional output register could be merged into the ram block. Providing additional output register may help in improving timing.
INFO: [Synth 8-7052] The timing for the instance my_otter/OTTER_MEMORY/memory_reg_bram_5 (implemented as a Block RAM) might be sub-optimal as no optional output register could be merged into the ram block. Providing additional output register may help in improving timing.
INFO: [Synth 8-7052] The timing for the instance my_otter/OTTER_MEMORY/memory_reg_bram_6 (implemented as a Block RAM) might be sub-optimal as no optional output register could be merged into the ram block. Providing additional output register may help in improving timing.
INFO: [Synth 8-7052] The timing for the instance my_otter/OTTER_MEMORY/memory_reg_bram_6 (implemented as a Block RAM) might be sub-optimal as no optional output register could be merged into the ram block. Providing additional output register may help in improving timing.
INFO: [Synth 8-7052] The timing for the instance my_otter/OTTER_MEMORY/memory_reg_bram_7 (implemented as a Block RAM) might be sub-optimal as no optional output register could be merged into the ram block. Providing additional output register may help in improving timing.
INFO: [Synth 8-7052] The timing for the instance my_otter/OTTER_MEMORY/memory_reg_bram_7 (implemented as a Block RAM) might be sub-optimal as no optional output register could be merged into the ram block. Providing additional output register may help in improving timing.
INFO: [Synth 8-7052] The timing for the instance my_otter/OTTER_MEMORY/memory_reg_bram_8 (implemented as a Block RAM) might be sub-optimal as no optional output register could be merged into the ram block. Providing additional output register may help in improving timing.
INFO: [Synth 8-7052] The timing for the instance my_otter/OTTER_MEMORY/memory_reg_bram_8 (implemented as a Block RAM) might be sub-optimal as no optional output register could be merged into the ram block. Providing additional output register may help in improving timing.
INFO: [Synth 8-7052] The timing for the instance my_otter/OTTER_MEMORY/memory_reg_bram_9 (implemented as a Block RAM) might be sub-optimal as no optional output register could be merged into the ram block. Providing additional output register may help in improving timing.
INFO: [Synth 8-7052] The timing for the instance my_otter/OTTER_MEMORY/memory_reg_bram_9 (implemented as a Block RAM) might be sub-optimal as no optional output register could be merged into the ram block. Providing additional output register may help in improving timing.
INFO: [Synth 8-7052] The timing for the instance my_otter/OTTER_MEMORY/memory_reg_bram_10 (implemented as a Block RAM) might be sub-optimal as no optional output register could be merged into the ram block. Providing additional output register may help in improving timing.
INFO: [Synth 8-7052] The timing for the instance my_otter/OTTER_MEMORY/memory_reg_bram_10 (implemented as a Block RAM) might be sub-optimal as no optional output register could be merged into the ram block. Providing additional output register may help in improving timing.
INFO: [Synth 8-7052] The timing for the instance my_otter/OTTER_MEMORY/memory_reg_bram_11 (implemented as a Block RAM) might be sub-optimal as no optional output register could be merged into the ram block. Providing additional output register may help in improving timing.
INFO: [Synth 8-7052] The timing for the instance my_otter/OTTER_MEMORY/memory_reg_bram_11 (implemented as a Block RAM) might be sub-optimal as no optional output register could be merged into the ram block. Providing additional output register may help in improving timing.
INFO: [Synth 8-7052] The timing for the instance my_otter/OTTER_MEMORY/memory_reg_bram_12 (implemented as a Block RAM) might be sub-optimal as no optional output register could be merged into the ram block. Providing additional output register may help in improving timing.
INFO: [Synth 8-7052] The timing for the instance my_otter/OTTER_MEMORY/memory_reg_bram_12 (implemented as a Block RAM) might be sub-optimal as no optional output register could be merged into the ram block. Providing additional output register may help in improving timing.
INFO: [Synth 8-7052] The timing for the instance my_otter/OTTER_MEMORY/memory_reg_bram_13 (implemented as a Block RAM) might be sub-optimal as no optional output register could be merged into the ram block. Providing additional output register may help in improving timing.
INFO: [Synth 8-7052] The timing for the instance my_otter/OTTER_MEMORY/memory_reg_bram_13 (implemented as a Block RAM) might be sub-optimal as no optional output register could be merged into the ram block. Providing additional output register may help in improving timing.
INFO: [Synth 8-7052] The timing for the instance my_otter/OTTER_MEMORY/memory_reg_bram_14 (implemented as a Block RAM) might be sub-optimal as no optional output register could be merged into the ram block. Providing additional output register may help in improving timing.
INFO: [Synth 8-7052] The timing for the instance my_otter/OTTER_MEMORY/memory_reg_bram_14 (implemented as a Block RAM) might be sub-optimal as no optional output register could be merged into the ram block. Providing additional output register may help in improving timing.
INFO: [Synth 8-7052] The timing for the instance my_otter/OTTER_MEMORY/memory_reg_bram_15 (implemented as a Block RAM) might be sub-optimal as no optional output register could be merged into the ram block. Providing additional output register may help in improving timing.
INFO: [Synth 8-7052] The timing for the instance my_otter/OTTER_MEMORY/memory_reg_bram_15 (implemented as a Block RAM) might be sub-optimal as no optional output register could be merged into the ram block. Providing additional output register may help in improving timing.
---------------------------------------------------------------------------------
Finished Technology Mapping : Time (s): cpu = 00:00:24 ; elapsed = 00:00:24 . Memory (MB): peak = 1749.340 ; gain = 111.555
---------------------------------------------------------------------------------
---------------------------------------------------------------------------------
Start IO Insertion
---------------------------------------------------------------------------------
---------------------------------------------------------------------------------
Start Flattening Before IO Insertion
---------------------------------------------------------------------------------
---------------------------------------------------------------------------------
Finished Flattening Before IO Insertion
---------------------------------------------------------------------------------
---------------------------------------------------------------------------------
Start Final Netlist Cleanup
---------------------------------------------------------------------------------
---------------------------------------------------------------------------------
Finished Final Netlist Cleanup
---------------------------------------------------------------------------------
---------------------------------------------------------------------------------
Finished IO Insertion : Time (s): cpu = 00:00:27 ; elapsed = 00:00:28 . Memory (MB): peak = 1763.219 ; gain = 125.434
---------------------------------------------------------------------------------
---------------------------------------------------------------------------------
Start Renaming Generated Instances
---------------------------------------------------------------------------------
---------------------------------------------------------------------------------
Finished Renaming Generated Instances : Time (s): cpu = 00:00:27 ; elapsed = 00:00:28 . Memory (MB): peak = 1763.219 ; gain = 125.434
---------------------------------------------------------------------------------
---------------------------------------------------------------------------------
Start Rebuilding User Hierarchy
---------------------------------------------------------------------------------
---------------------------------------------------------------------------------
Finished Rebuilding User Hierarchy : Time (s): cpu = 00:00:27 ; elapsed = 00:00:28 . Memory (MB): peak = 1763.219 ; gain = 125.434
---------------------------------------------------------------------------------
---------------------------------------------------------------------------------
Start Renaming Generated Ports
---------------------------------------------------------------------------------
---------------------------------------------------------------------------------
Finished Renaming Generated Ports : Time (s): cpu = 00:00:27 ; elapsed = 00:00:28 . Memory (MB): peak = 1763.219 ; gain = 125.434
---------------------------------------------------------------------------------
---------------------------------------------------------------------------------
Start Handling Custom Attributes
---------------------------------------------------------------------------------
---------------------------------------------------------------------------------
Finished Handling Custom Attributes : Time (s): cpu = 00:00:28 ; elapsed = 00:00:28 . Memory (MB): peak = 1763.219 ; gain = 125.434
---------------------------------------------------------------------------------
---------------------------------------------------------------------------------
Start Renaming Generated Nets
---------------------------------------------------------------------------------
---------------------------------------------------------------------------------
Finished Renaming Generated Nets : Time (s): cpu = 00:00:28 ; elapsed = 00:00:28 . Memory (MB): peak = 1763.219 ; gain = 125.434
---------------------------------------------------------------------------------
---------------------------------------------------------------------------------
Start Writing Synthesis Report
---------------------------------------------------------------------------------

Report BlackBoxes: 
+-+--------------+----------+
| |BlackBox name |Instances |
+-+--------------+----------+
+-+--------------+----------+

Report Cell Usage: 
+------+---------+------+
|      |Cell     |Count |
+------+---------+------+
|1     |BUFG     |     3|
|2     |CARRY4   |    75|
|3     |LUT1     |     5|
|4     |LUT2     |   205|
|5     |LUT3     |   110|
|6     |LUT4     |   252|
|7     |LUT5     |   322|
|8     |LUT6     |   799|
|9     |MUXF7    |   128|
|10    |MUXF8    |    64|
|11    |RAM32M   |    10|
|12    |RAM32X1D |     4|
|13    |RAMB36E1 |    16|
|16    |FDRE     |   232|
|17    |FDSE     |     1|
|18    |LD       |    35|
|19    |IBUF     |    22|
|20    |OBUF     |    28|
+------+---------+------+
---------------------------------------------------------------------------------
Finished Writing Synthesis Report : Time (s): cpu = 00:00:28 ; elapsed = 00:00:28 . Memory (MB): peak = 1763.219 ; gain = 125.434
---------------------------------------------------------------------------------
Synthesis finished with 0 errors, 0 critical warnings and 6 warnings.
Synthesis Optimization Runtime : Time (s): cpu = 00:00:20 ; elapsed = 00:00:26 . Memory (MB): peak = 1763.219 ; gain = 56.086
Synthesis Optimization Complete : Time (s): cpu = 00:00:28 ; elapsed = 00:00:28 . Memory (MB): peak = 1763.219 ; gain = 125.434
INFO: [Project 1-571] Translating synthesized netlist
Netlist sorting complete. Time (s): cpu = 00:00:00 ; elapsed = 00:00:00.032 . Memory (MB): peak = 1775.242 ; gain = 0.000
INFO: [Netlist 29-17] Analyzing 332 Unisim elements for replacement
INFO: [Netlist 29-28] Unisim Transformation completed in 0 CPU seconds
INFO: [Project 1-570] Preparing netlist for logic optimization
INFO: [Opt 31-138] Pushed 0 inverter(s) to 0 load pin(s).
Netlist sorting complete. Time (s): cpu = 00:00:00 ; elapsed = 00:00:00.001 . Memory (MB): peak = 1778.922 ; gain = 0.000
INFO: [Project 1-111] Unisim Transformation Summary:
  A total of 49 instances were transformed.
  LD => LDCE: 35 instances
  RAM32M => RAM32M (RAMD32(x6), RAMS32(x2)): 10 instances
  RAM32X1D => RAM32X1D (RAMD32(x2)): 4 instances

Synth Design complete, checksum: 4b7d99bf
INFO: [Common 17-83] Releasing license: Synthesis
123 Infos, 14 Warnings, 0 Critical Warnings and 0 Errors encountered.
synth_design completed successfully
synth_design: Time (s): cpu = 00:00:31 ; elapsed = 00:00:32 . Memory (MB): peak = 1778.922 ; gain = 141.137
INFO: [Common 17-1381] The checkpoint 'C:/Users/ManFr/Desktop/OneDrive - Cal Poly/Documents and Notes/Sophomore/Winter Quarter/CPE 233/Projects/Week8/interrupts2/interrupts2.runs/synth_1/OTTER_Wrapper.dcp' has been generated.
INFO: [runtcl-4] Executing : report_utilization -file OTTER_Wrapper_utilization_synth.rpt -pb OTTER_Wrapper_utilization_synth.pb
INFO: [Common 17-206] Exiting Vivado at Mon Mar 13 23:16:59 2023...
